[26-Oct-2020 04:54:22 Europe/Berlin] This is an error message!
[26-Oct-2020 04:58:55 Europe/Berlin] This is an error message!
[26-Oct-2020 04:59:43 Europe/Berlin] This is an error message!
[26-Oct-2020 04:59:43 Europe/Berlin] 2020-10-26_04:59:43
[26-Oct-2020 04:59:43 Europe/Berlin] C:\xampp\moodledata/m_proctoring_uploads/attempt_597/screenshot/5f9649afc4149.png
[26-Oct-2020 04:59:50 Europe/Berlin] This is an error message!
[26-Oct-2020 04:59:50 Europe/Berlin] 2020-10-26_04:59:50
[26-Oct-2020 04:59:50 Europe/Berlin] C:\xampp\moodledata/m_proctoring_uploads/attempt_597/screenshot/5f9649b6c690d.png
[26-Oct-2020 04:59:57 Europe/Berlin] This is an error message!
[26-Oct-2020 04:59:57 Europe/Berlin] 2020-10-26_04:59:57
[26-Oct-2020 04:59:57 Europe/Berlin] C:\xampp\moodledata/m_proctoring_uploads/attempt_597/screenshot/5f9649bdc6487.png
[26-Oct-2020 05:01:37 Europe/Berlin] This is an error message!
[26-Oct-2020 05:02:04 Europe/Berlin] This is an error message!
[26-Oct-2020 05:02:04 Europe/Berlin] 2020-10-26_05:02:04
[26-Oct-2020 05:02:04 Europe/Berlin] C:\xampp\moodledata/m_proctoring_uploads/attempt_598/screenshot/5f964a3c325f9.png
[26-Oct-2020 05:02:11 Europe/Berlin] This is an error message!
[26-Oct-2020 05:02:11 Europe/Berlin] 2020-10-26_05:02:11
[26-Oct-2020 05:02:11 Europe/Berlin] C:\xampp\moodledata/m_proctoring_uploads/attempt_598/screenshot/5f964a432e6d3.png
[26-Oct-2020 05:04:04 Europe/Berlin] This is an error message!
[26-Oct-2020 14:38:44 Asia/Kolkata] This is an error message!
[26-Oct-2020 14:41:43 Asia/Kolkata] This is an error message!
[26-Oct-2020 14:42:46 Asia/Kolkata] This is an error message!
[26-Oct-2020 14:43:56 Asia/Kolkata] This is an error message!
[26-Oct-2020 14:43:56 Asia/Kolkata] 2020-10-26_14:43:56
[26-Oct-2020 14:43:56 Asia/Kolkata] C:\xampp\moodledata/m_proctoring_uploads/attempt_71/screenshot/5f96935487911.png
[26-Oct-2020 14:44:03 Asia/Kolkata] This is an error message!
[26-Oct-2020 14:44:03 Asia/Kolkata] 2020-10-26_14:44:03
[26-Oct-2020 14:44:03 Asia/Kolkata] C:\xampp\moodledata/m_proctoring_uploads/attempt_71/screenshot/5f96935ba729e.png
[26-Oct-2020 14:44:10 Asia/Kolkata] This is an error message!
[26-Oct-2020 14:44:10 Asia/Kolkata] 2020-10-26_14:44:10
[26-Oct-2020 14:44:10 Asia/Kolkata] C:\xampp\moodledata/m_proctoring_uploads/attempt_71/screenshot/5f96936283070.png
[26-Oct-2020 14:44:17 Asia/Kolkata] This is an error message!
[26-Oct-2020 14:44:17 Asia/Kolkata] 2020-10-26_14:44:17
[26-Oct-2020 14:44:17 Asia/Kolkata] C:\xampp\moodledata/m_proctoring_uploads/attempt_71/screenshot/5f96936992613.png
[26-Oct-2020 14:44:25 Asia/Kolkata] This is an error message!
[26-Oct-2020 14:44:25 Asia/Kolkata] 2020-10-26_14:44:25
[26-Oct-2020 14:44:25 Asia/Kolkata] C:\xampp\moodledata/m_proctoring_uploads/attempt_71/screenshot/5f9693716c985.png
[26-Oct-2020 14:44:32 Asia/Kolkata] This is an error message!
[26-Oct-2020 14:44:32 Asia/Kolkata] 2020-10-26_14:44:32
[26-Oct-2020 14:44:32 Asia/Kolkata] C:\xampp\moodledata/m_proctoring_uploads/attempt_71/screenshot/5f969378e00b2.png
[26-Oct-2020 14:44:38 Asia/Kolkata] This is an error message!
[26-Oct-2020 14:44:38 Asia/Kolkata] 2020-10-26_14:44:38
[26-Oct-2020 14:44:38 Asia/Kolkata] C:\xampp\moodledata/m_proctoring_uploads/attempt_71/screenshot/5f96937e8c42e.png
[26-Oct-2020 14:44:46 Asia/Kolkata] This is an error message!
[26-Oct-2020 14:44:46 Asia/Kolkata] 2020-10-26_14:44:46
[26-Oct-2020 14:44:46 Asia/Kolkata] C:\xampp\moodledata/m_proctoring_uploads/attempt_71/screenshot/5f9693866bf33.png
[26-Oct-2020 14:44:53 Asia/Kolkata] This is an error message!
[26-Oct-2020 14:44:53 Asia/Kolkata] 2020-10-26_14:44:53
[26-Oct-2020 14:44:53 Asia/Kolkata] C:\xampp\moodledata/m_proctoring_uploads/attempt_71/screenshot/5f96938d56098.png
[26-Oct-2020 14:44:59 Asia/Kolkata] This is an error message!
[26-Oct-2020 14:44:59 Asia/Kolkata] 2020-10-26_14:44:59
[26-Oct-2020 14:44:59 Asia/Kolkata] C:\xampp\moodledata/m_proctoring_uploads/attempt_71/screenshot/5f96939394a79.png
[26-Oct-2020 14:45:06 Asia/Kolkata] This is an error message!
[26-Oct-2020 14:45:06 Asia/Kolkata] 2020-10-26_14:45:06
[26-Oct-2020 14:45:06 Asia/Kolkata] C:\xampp\moodledata/m_proctoring_uploads/attempt_71/screenshot/5f96939a8b6f4.png
[26-Oct-2020 14:45:14 Asia/Kolkata] This is an error message!
[26-Oct-2020 14:45:14 Asia/Kolkata] 2020-10-26_14:45:14
[26-Oct-2020 14:45:14 Asia/Kolkata] C:\xampp\moodledata/m_proctoring_uploads/attempt_71/screenshot/5f9693a258f28.png
[26-Oct-2020 14:45:21 Asia/Kolkata] This is an error message!
[26-Oct-2020 14:45:21 Asia/Kolkata] 2020-10-26_14:45:21
[26-Oct-2020 14:45:21 Asia/Kolkata] C:\xampp\moodledata/m_proctoring_uploads/attempt_71/screenshot/5f9693a95d204.png
[26-Oct-2020 14:45:28 Asia/Kolkata] This is an error message!
[26-Oct-2020 14:45:28 Asia/Kolkata] 2020-10-26_14:45:28
[26-Oct-2020 14:45:28 Asia/Kolkata] C:\xampp\moodledata/m_proctoring_uploads/attempt_71/screenshot/5f9693b065eab.png
[26-Oct-2020 14:45:34 Asia/Kolkata] This is an error message!
[26-Oct-2020 14:45:34 Asia/Kolkata] 2020-10-26_14:45:34
[26-Oct-2020 14:45:34 Asia/Kolkata] C:\xampp\moodledata/m_proctoring_uploads/attempt_71/screenshot/5f9693b679aed.png
[26-Oct-2020 14:45:42 Asia/Kolkata] This is an error message!
[26-Oct-2020 14:45:42 Asia/Kolkata] 2020-10-26_14:45:42
[26-Oct-2020 14:45:42 Asia/Kolkata] C:\xampp\moodledata/m_proctoring_uploads/attempt_71/screenshot/5f9693be6e1d9.png
[26-Oct-2020 14:45:49 Asia/Kolkata] This is an error message!
[26-Oct-2020 14:45:49 Asia/Kolkata] 2020-10-26_14:45:49
[26-Oct-2020 14:45:49 Asia/Kolkata] C:\xampp\moodledata/m_proctoring_uploads/attempt_71/screenshot/5f9693c555c7a.png
[26-Oct-2020 14:45:56 Asia/Kolkata] This is an error message!
[26-Oct-2020 14:45:56 Asia/Kolkata] 2020-10-26_14:45:56
[26-Oct-2020 14:45:56 Asia/Kolkata] C:\xampp\moodledata/m_proctoring_uploads/attempt_71/screenshot/5f9693cc4ce11.png
[26-Oct-2020 14:46:03 Asia/Kolkata] This is an error message!
[26-Oct-2020 14:46:03 Asia/Kolkata] 2020-10-26_14:46:03
[26-Oct-2020 14:46:03 Asia/Kolkata] C:\xampp\moodledata/m_proctoring_uploads/attempt_71/screenshot/5f9693d3709a7.png
[26-Oct-2020 14:46:10 Asia/Kolkata] This is an error message!
[26-Oct-2020 14:46:10 Asia/Kolkata] 2020-10-26_14:46:10
[26-Oct-2020 14:46:10 Asia/Kolkata] C:\xampp\moodledata/m_proctoring_uploads/attempt_71/screenshot/5f9693da55827.png
[26-Oct-2020 14:46:17 Asia/Kolkata] This is an error message!
[26-Oct-2020 14:46:17 Asia/Kolkata] 2020-10-26_14:46:17
[26-Oct-2020 14:46:17 Asia/Kolkata] C:\xampp\moodledata/m_proctoring_uploads/attempt_71/screenshot/5f9693e170f4a.png
[26-Oct-2020 14:46:23 Asia/Kolkata] This is an error message!
[26-Oct-2020 14:46:23 Asia/Kolkata] 2020-10-26_14:46:23
[26-Oct-2020 14:46:23 Asia/Kolkata] C:\xampp\moodledata/m_proctoring_uploads/attempt_71/screenshot/5f9693e786436.png
[26-Oct-2020 14:46:43 Asia/Kolkata] This is an error message!
[26-Oct-2020 14:46:43 Asia/Kolkata] 2020-10-26_14:46:43
[26-Oct-2020 14:46:43 Asia/Kolkata] C:\xampp\moodledata/m_proctoring_uploads/attempt_71/screenshot/5f9693fb690c8.png
[26-Oct-2020 14:46:50 Asia/Kolkata] This is an error message!
[26-Oct-2020 14:46:50 Asia/Kolkata] 2020-10-26_14:46:50
[26-Oct-2020 14:46:50 Asia/Kolkata] C:\xampp\moodledata/m_proctoring_uploads/attempt_71/screenshot/5f9694028dffd.png
[26-Oct-2020 14:46:56 Asia/Kolkata] This is an error message!
[26-Oct-2020 14:46:56 Asia/Kolkata] 2020-10-26_14:46:56
[26-Oct-2020 14:46:56 Asia/Kolkata] C:\xampp\moodledata/m_proctoring_uploads/attempt_71/screenshot/5f9694088e25c.png
[26-Oct-2020 14:47:03 Asia/Kolkata] This is an error message!
[26-Oct-2020 14:47:03 Asia/Kolkata] 2020-10-26_14:47:03
[26-Oct-2020 14:47:03 Asia/Kolkata] C:\xampp\moodledata/m_proctoring_uploads/attempt_71/screenshot/5f96940f6243e.png
[26-Oct-2020 14:47:10 Asia/Kolkata] This is an error message!
[26-Oct-2020 14:47:10 Asia/Kolkata] 2020-10-26_14:47:10
[26-Oct-2020 14:47:10 Asia/Kolkata] C:\xampp\moodledata/m_proctoring_uploads/attempt_71/screenshot/5f9694167e227.png
[26-Oct-2020 14:47:18 Asia/Kolkata] This is an error message!
[26-Oct-2020 14:47:18 Asia/Kolkata] 2020-10-26_14:47:18
[26-Oct-2020 14:47:18 Asia/Kolkata] C:\xampp\moodledata/m_proctoring_uploads/attempt_71/screenshot/5f96941eaf843.png
[26-Oct-2020 14:47:25 Asia/Kolkata] This is an error message!
[26-Oct-2020 14:47:25 Asia/Kolkata] 2020-10-26_14:47:25
[26-Oct-2020 14:47:25 Asia/Kolkata] C:\xampp\moodledata/m_proctoring_uploads/attempt_71/screenshot/5f96942592dac.png
[26-Oct-2020 14:47:32 Asia/Kolkata] This is an error message!
[26-Oct-2020 14:47:32 Asia/Kolkata] 2020-10-26_14:47:32
[26-Oct-2020 14:47:32 Asia/Kolkata] C:\xampp\moodledata/m_proctoring_uploads/attempt_71/screenshot/5f96942c6a9c4.png
[26-Oct-2020 14:47:39 Asia/Kolkata] This is an error message!
[26-Oct-2020 14:47:39 Asia/Kolkata] 2020-10-26_14:47:39
[26-Oct-2020 14:47:39 Asia/Kolkata] C:\xampp\moodledata/m_proctoring_uploads/attempt_71/screenshot/5f9694335cd9a.png
[26-Oct-2020 14:47:46 Asia/Kolkata] This is an error message!
[26-Oct-2020 14:47:46 Asia/Kolkata] 2020-10-26_14:47:46
[26-Oct-2020 14:47:46 Asia/Kolkata] C:\xampp\moodledata/m_proctoring_uploads/attempt_71/screenshot/5f96943a56f62.png
[26-Oct-2020 14:47:53 Asia/Kolkata] This is an error message!
[26-Oct-2020 14:47:53 Asia/Kolkata] 2020-10-26_14:47:53
[26-Oct-2020 14:47:53 Asia/Kolkata] C:\xampp\moodledata/m_proctoring_uploads/attempt_71/screenshot/5f969441a02b6.png
[26-Oct-2020 14:47:59 Asia/Kolkata] This is an error message!
[26-Oct-2020 14:47:59 Asia/Kolkata] 2020-10-26_14:47:59
[26-Oct-2020 14:47:59 Asia/Kolkata] C:\xampp\moodledata/m_proctoring_uploads/attempt_71/screenshot/5f9694478e628.png
[26-Oct-2020 14:48:09 Asia/Kolkata] This is an error message!
[26-Oct-2020 14:48:09 Asia/Kolkata] 2020-10-26_14:48:09
[26-Oct-2020 14:48:10 Asia/Kolkata] C:\xampp\moodledata/m_proctoring_uploads/attempt_71/screenshot/5f969452007d7.png
[26-Oct-2020 14:48:17 Asia/Kolkata] This is an error message!
[26-Oct-2020 14:48:17 Asia/Kolkata] 2020-10-26_14:48:17
[26-Oct-2020 14:48:17 Asia/Kolkata] C:\xampp\moodledata/m_proctoring_uploads/attempt_71/screenshot/5f9694590d5dd.png
[26-Oct-2020 14:48:23 Asia/Kolkata] This is an error message!
[26-Oct-2020 14:48:23 Asia/Kolkata] 2020-10-26_14:48:23
[26-Oct-2020 14:48:23 Asia/Kolkata] C:\xampp\moodledata/m_proctoring_uploads/attempt_71/screenshot/5f96945fd0235.png
[26-Oct-2020 14:48:30 Asia/Kolkata] This is an error message!
[26-Oct-2020 14:48:30 Asia/Kolkata] 2020-10-26_14:48:30
[26-Oct-2020 14:48:30 Asia/Kolkata] C:\xampp\moodledata/m_proctoring_uploads/attempt_71/screenshot/5f969466cf7e5.png
[26-Oct-2020 14:48:38 Asia/Kolkata] This is an error message!
[26-Oct-2020 14:48:38 Asia/Kolkata] 2020-10-26_14:48:38
[26-Oct-2020 14:48:38 Asia/Kolkata] C:\xampp\moodledata/m_proctoring_uploads/attempt_71/screenshot/5f96946e67f2a.png
[26-Oct-2020 14:48:45 Asia/Kolkata] This is an error message!
[26-Oct-2020 14:48:45 Asia/Kolkata] 2020-10-26_14:48:45
[26-Oct-2020 14:48:45 Asia/Kolkata] C:\xampp\moodledata/m_proctoring_uploads/attempt_71/screenshot/5f9694754e1c9.png
[26-Oct-2020 14:48:52 Asia/Kolkata] This is an error message!
[26-Oct-2020 14:48:52 Asia/Kolkata] 2020-10-26_14:48:52
[26-Oct-2020 14:48:52 Asia/Kolkata] C:\xampp\moodledata/m_proctoring_uploads/attempt_71/screenshot/5f96947c933ed.png
[26-Oct-2020 14:48:58 Asia/Kolkata] This is an error message!
[26-Oct-2020 14:48:58 Asia/Kolkata] 2020-10-26_14:48:58
[26-Oct-2020 14:48:58 Asia/Kolkata] C:\xampp\moodledata/m_proctoring_uploads/attempt_71/screenshot/5f969482c90e6.png
[26-Oct-2020 14:49:06 Asia/Kolkata] This is an error message!
[26-Oct-2020 14:49:06 Asia/Kolkata] 2020-10-26_14:49:06
[26-Oct-2020 14:49:06 Asia/Kolkata] C:\xampp\moodledata/m_proctoring_uploads/attempt_71/screenshot/5f96948aa523f.png
[26-Oct-2020 14:49:12 Asia/Kolkata] This is an error message!
[26-Oct-2020 14:49:12 Asia/Kolkata] 2020-10-26_14:49:12
[26-Oct-2020 14:49:12 Asia/Kolkata] C:\xampp\moodledata/m_proctoring_uploads/attempt_71/screenshot/5f969490da941.png
[26-Oct-2020 14:49:24 Asia/Kolkata] This is an error message!
[26-Oct-2020 14:49:24 Asia/Kolkata] 2020-10-26_14:49:24
[26-Oct-2020 14:49:24 Asia/Kolkata] C:\xampp\moodledata/m_proctoring_uploads/attempt_71/screenshot/5f96949c490ec.png
[26-Oct-2020 14:49:31 Asia/Kolkata] This is an error message!
[26-Oct-2020 14:49:31 Asia/Kolkata] 2020-10-26_14:49:31
[26-Oct-2020 14:49:31 Asia/Kolkata] C:\xampp\moodledata/m_proctoring_uploads/attempt_71/screenshot/5f9694a39794a.png
[26-Oct-2020 14:49:38 Asia/Kolkata] This is an error message!
[26-Oct-2020 14:49:38 Asia/Kolkata] 2020-10-26_14:49:38
[26-Oct-2020 14:49:38 Asia/Kolkata] C:\xampp\moodledata/m_proctoring_uploads/attempt_71/screenshot/5f9694aa4a434.png
[26-Oct-2020 14:49:45 Asia/Kolkata] This is an error message!
[26-Oct-2020 14:49:45 Asia/Kolkata] 2020-10-26_14:49:45
[26-Oct-2020 14:49:45 Asia/Kolkata] C:\xampp\moodledata/m_proctoring_uploads/attempt_71/screenshot/5f9694b16cb22.png
[26-Oct-2020 14:49:52 Asia/Kolkata] This is an error message!
[26-Oct-2020 14:49:52 Asia/Kolkata] 2020-10-26_14:49:52
[26-Oct-2020 14:49:52 Asia/Kolkata] C:\xampp\moodledata/m_proctoring_uploads/attempt_71/screenshot/5f9694b878302.png
[26-Oct-2020 14:52:17 Asia/Kolkata] This is an error message!
[26-Oct-2020 14:52:40 Asia/Kolkata] This is an error message!
[26-Oct-2020 14:52:40 Asia/Kolkata] 2020-10-26_14:52:40
[26-Oct-2020 14:52:40 Asia/Kolkata] C:\xampp\moodledata/m_proctoring_uploads/attempt_72/screenshot/5f969560ba5af.png
[26-Oct-2020 14:52:48 Asia/Kolkata] This is an error message!
[26-Oct-2020 14:52:48 Asia/Kolkata] 2020-10-26_14:52:48
[26-Oct-2020 14:52:48 Asia/Kolkata] C:\xampp\moodledata/m_proctoring_uploads/attempt_72/screenshot/5f9695685ff5a.png
[26-Oct-2020 14:52:54 Asia/Kolkata] This is an error message!
[26-Oct-2020 14:52:54 Asia/Kolkata] 2020-10-26_14:52:54
[26-Oct-2020 14:52:54 Asia/Kolkata] C:\xampp\moodledata/m_proctoring_uploads/attempt_72/screenshot/5f96956ebefc2.png
[26-Oct-2020 14:53:01 Asia/Kolkata] This is an error message!
[26-Oct-2020 14:53:01 Asia/Kolkata] 2020-10-26_14:53:01
[26-Oct-2020 14:53:01 Asia/Kolkata] C:\xampp\moodledata/m_proctoring_uploads/attempt_72/screenshot/5f969575ab736.png
[26-Oct-2020 14:53:08 Asia/Kolkata] This is an error message!
[26-Oct-2020 14:53:08 Asia/Kolkata] 2020-10-26_14:53:08
[26-Oct-2020 14:53:08 Asia/Kolkata] C:\xampp\moodledata/m_proctoring_uploads/attempt_72/screenshot/5f96957cb29d7.png
[26-Oct-2020 14:53:15 Asia/Kolkata] This is an error message!
[26-Oct-2020 14:53:15 Asia/Kolkata] 2020-10-26_14:53:15
[26-Oct-2020 14:53:15 Asia/Kolkata] C:\xampp\moodledata/m_proctoring_uploads/attempt_72/screenshot/5f969583be98e.png
[26-Oct-2020 14:53:23 Asia/Kolkata] This is an error message!
[26-Oct-2020 14:53:23 Asia/Kolkata] 2020-10-26_14:53:23
[26-Oct-2020 14:53:23 Asia/Kolkata] C:\xampp\moodledata/m_proctoring_uploads/attempt_72/screenshot/5f96958b4bf9d.png
[26-Oct-2020 14:53:30 Asia/Kolkata] This is an error message!
[26-Oct-2020 14:53:30 Asia/Kolkata] 2020-10-26_14:53:30
[26-Oct-2020 14:53:30 Asia/Kolkata] C:\xampp\moodledata/m_proctoring_uploads/attempt_72/screenshot/5f96959249794.png
[26-Oct-2020 14:53:37 Asia/Kolkata] This is an error message!
[26-Oct-2020 14:53:37 Asia/Kolkata] 2020-10-26_14:53:37
[26-Oct-2020 14:53:37 Asia/Kolkata] C:\xampp\moodledata/m_proctoring_uploads/attempt_72/screenshot/5f969599570a5.png
[26-Oct-2020 14:53:44 Asia/Kolkata] This is an error message!
[26-Oct-2020 14:53:44 Asia/Kolkata] 2020-10-26_14:53:44
[26-Oct-2020 14:53:44 Asia/Kolkata] C:\xampp\moodledata/m_proctoring_uploads/attempt_72/screenshot/5f9695a02019e.png
[26-Oct-2020 14:53:50 Asia/Kolkata] This is an error message!
[26-Oct-2020 14:53:50 Asia/Kolkata] 2020-10-26_14:53:50
[26-Oct-2020 14:53:50 Asia/Kolkata] C:\xampp\moodledata/m_proctoring_uploads/attempt_72/screenshot/5f9695a6b1a77.png
[26-Oct-2020 14:53:57 Asia/Kolkata] This is an error message!
[26-Oct-2020 14:53:57 Asia/Kolkata] 2020-10-26_14:53:57
[26-Oct-2020 14:53:57 Asia/Kolkata] C:\xampp\moodledata/m_proctoring_uploads/attempt_72/screenshot/5f9695adaed0a.png
[26-Oct-2020 14:54:23 Asia/Kolkata] This is an error message!
[26-Oct-2020 14:54:23 Asia/Kolkata] 2020-10-26_14:54:23
[26-Oct-2020 14:54:23 Asia/Kolkata] C:\xampp\moodledata/m_proctoring_uploads/attempt_72/screenshot/5f9695c711c68.png
[26-Oct-2020 14:54:30 Asia/Kolkata] This is an error message!
[26-Oct-2020 14:54:30 Asia/Kolkata] 2020-10-26_14:54:30
[26-Oct-2020 14:54:30 Asia/Kolkata] C:\xampp\moodledata/m_proctoring_uploads/attempt_72/screenshot/5f9695ce16392.png
[26-Oct-2020 14:54:37 Asia/Kolkata] This is an error message!
[26-Oct-2020 14:54:37 Asia/Kolkata] 2020-10-26_14:54:37
[26-Oct-2020 14:54:37 Asia/Kolkata] C:\xampp\moodledata/m_proctoring_uploads/attempt_72/screenshot/5f9695d551470.png
[26-Oct-2020 14:54:44 Asia/Kolkata] This is an error message!
[26-Oct-2020 14:54:44 Asia/Kolkata] 2020-10-26_14:54:44
[26-Oct-2020 14:54:44 Asia/Kolkata] C:\xampp\moodledata/m_proctoring_uploads/attempt_72/screenshot/5f9695dc4f07e.png
[26-Oct-2020 14:54:51 Asia/Kolkata] This is an error message!
[26-Oct-2020 14:54:51 Asia/Kolkata] 2020-10-26_14:54:51
[26-Oct-2020 14:54:51 Asia/Kolkata] C:\xampp\moodledata/m_proctoring_uploads/attempt_72/screenshot/5f9695e358389.png
[26-Oct-2020 14:54:58 Asia/Kolkata] This is an error message!
[26-Oct-2020 14:54:58 Asia/Kolkata] 2020-10-26_14:54:58
[26-Oct-2020 14:54:58 Asia/Kolkata] C:\xampp\moodledata/m_proctoring_uploads/attempt_72/screenshot/5f9695ea548f9.png
[26-Oct-2020 14:55:05 Asia/Kolkata] This is an error message!
[26-Oct-2020 14:55:05 Asia/Kolkata] 2020-10-26_14:55:05
[26-Oct-2020 14:55:05 Asia/Kolkata] C:\xampp\moodledata/m_proctoring_uploads/attempt_72/screenshot/5f9695f1476ea.png
[26-Oct-2020 14:55:12 Asia/Kolkata] This is an error message!
[26-Oct-2020 14:55:12 Asia/Kolkata] 2020-10-26_14:55:12
[26-Oct-2020 14:55:12 Asia/Kolkata] C:\xampp\moodledata/m_proctoring_uploads/attempt_72/screenshot/5f9695f85dade.png
[26-Oct-2020 14:55:19 Asia/Kolkata] This is an error message!
[26-Oct-2020 14:55:19 Asia/Kolkata] 2020-10-26_14:55:19
[26-Oct-2020 14:55:19 Asia/Kolkata] C:\xampp\moodledata/m_proctoring_uploads/attempt_72/screenshot/5f9695ff4fd3f.png
[26-Oct-2020 14:55:26 Asia/Kolkata] This is an error message!
[26-Oct-2020 14:55:26 Asia/Kolkata] 2020-10-26_14:55:26
[26-Oct-2020 14:55:26 Asia/Kolkata] C:\xampp\moodledata/m_proctoring_uploads/attempt_72/screenshot/5f9696064db12.png
[26-Oct-2020 14:55:33 Asia/Kolkata] This is an error message!
[26-Oct-2020 14:55:33 Asia/Kolkata] 2020-10-26_14:55:33
[26-Oct-2020 14:55:33 Asia/Kolkata] C:\xampp\moodledata/m_proctoring_uploads/attempt_72/screenshot/5f96960d52dc8.png
[26-Oct-2020 14:55:40 Asia/Kolkata] This is an error message!
[26-Oct-2020 14:55:40 Asia/Kolkata] 2020-10-26_14:55:40
[26-Oct-2020 14:55:40 Asia/Kolkata] C:\xampp\moodledata/m_proctoring_uploads/attempt_72/screenshot/5f9696144d4b5.png
[26-Oct-2020 14:55:47 Asia/Kolkata] This is an error message!
[26-Oct-2020 14:55:47 Asia/Kolkata] 2020-10-26_14:55:47
[26-Oct-2020 14:55:47 Asia/Kolkata] C:\xampp\moodledata/m_proctoring_uploads/attempt_72/screenshot/5f96961b5037c.png
[26-Oct-2020 14:55:54 Asia/Kolkata] This is an error message!
[26-Oct-2020 14:55:54 Asia/Kolkata] 2020-10-26_14:55:54
[26-Oct-2020 14:55:54 Asia/Kolkata] C:\xampp\moodledata/m_proctoring_uploads/attempt_72/screenshot/5f9696222d0dd.png
[26-Oct-2020 14:56:10 Asia/Kolkata] This is an error message!
[26-Oct-2020 14:56:10 Asia/Kolkata] 2020-10-26_14:56:10
[26-Oct-2020 14:56:10 Asia/Kolkata] C:\xampp\moodledata/m_proctoring_uploads/attempt_72/screenshot/5f9696325ead0.png
[26-Oct-2020 14:56:17 Asia/Kolkata] This is an error message!
[26-Oct-2020 14:56:17 Asia/Kolkata] 2020-10-26_14:56:17
[26-Oct-2020 14:56:17 Asia/Kolkata] C:\xampp\moodledata/m_proctoring_uploads/attempt_72/screenshot/5f9696395985f.png
[26-Oct-2020 14:56:24 Asia/Kolkata] This is an error message!
[26-Oct-2020 14:56:24 Asia/Kolkata] 2020-10-26_14:56:24
[26-Oct-2020 14:56:24 Asia/Kolkata] C:\xampp\moodledata/m_proctoring_uploads/attempt_72/screenshot/5f9696404488b.png
[26-Oct-2020 14:56:31 Asia/Kolkata] This is an error message!
[26-Oct-2020 14:56:31 Asia/Kolkata] 2020-10-26_14:56:31
[26-Oct-2020 14:56:31 Asia/Kolkata] C:\xampp\moodledata/m_proctoring_uploads/attempt_72/screenshot/5f969647ef298.png
[26-Oct-2020 14:56:38 Asia/Kolkata] This is an error message!
[26-Oct-2020 14:56:38 Asia/Kolkata] 2020-10-26_14:56:38
[26-Oct-2020 14:56:38 Asia/Kolkata] C:\xampp\moodledata/m_proctoring_uploads/attempt_72/screenshot/5f96964e6156b.png
[26-Oct-2020 14:56:45 Asia/Kolkata] This is an error message!
[26-Oct-2020 14:56:45 Asia/Kolkata] 2020-10-26_14:56:45
[26-Oct-2020 14:56:45 Asia/Kolkata] C:\xampp\moodledata/m_proctoring_uploads/attempt_72/screenshot/5f9696555641b.png
[26-Oct-2020 14:56:52 Asia/Kolkata] This is an error message!
[26-Oct-2020 14:56:52 Asia/Kolkata] 2020-10-26_14:56:52
[26-Oct-2020 14:56:52 Asia/Kolkata] C:\xampp\moodledata/m_proctoring_uploads/attempt_72/screenshot/5f96965c60f09.png
[26-Oct-2020 14:56:59 Asia/Kolkata] This is an error message!
[26-Oct-2020 14:56:59 Asia/Kolkata] 2020-10-26_14:56:59
[26-Oct-2020 14:56:59 Asia/Kolkata] C:\xampp\moodledata/m_proctoring_uploads/attempt_72/screenshot/5f9696636075e.png
[26-Oct-2020 14:57:06 Asia/Kolkata] This is an error message!
[26-Oct-2020 14:57:06 Asia/Kolkata] 2020-10-26_14:57:06
[26-Oct-2020 14:57:06 Asia/Kolkata] C:\xampp\moodledata/m_proctoring_uploads/attempt_72/screenshot/5f96966a4ccbc.png
[26-Oct-2020 14:57:14 Asia/Kolkata] This is an error message!
[26-Oct-2020 14:57:14 Asia/Kolkata] 2020-10-26_14:57:14
[26-Oct-2020 14:57:14 Asia/Kolkata] C:\xampp\moodledata/m_proctoring_uploads/attempt_72/screenshot/5f969672899e8.png
[26-Oct-2020 14:57:21 Asia/Kolkata] This is an error message!
[26-Oct-2020 14:57:21 Asia/Kolkata] 2020-10-26_14:57:21
[26-Oct-2020 14:57:21 Asia/Kolkata] C:\xampp\moodledata/m_proctoring_uploads/attempt_72/screenshot/5f96967957a6e.png
[26-Oct-2020 14:57:28 Asia/Kolkata] This is an error message!
[26-Oct-2020 14:57:28 Asia/Kolkata] 2020-10-26_14:57:28
[26-Oct-2020 14:57:28 Asia/Kolkata] C:\xampp\moodledata/m_proctoring_uploads/attempt_72/screenshot/5f969680547d0.png
[26-Oct-2020 14:57:35 Asia/Kolkata] This is an error message!
[26-Oct-2020 14:57:35 Asia/Kolkata] 2020-10-26_14:57:35
[26-Oct-2020 14:57:35 Asia/Kolkata] C:\xampp\moodledata/m_proctoring_uploads/attempt_72/screenshot/5f96968745b02.png
[26-Oct-2020 14:57:41 Asia/Kolkata] This is an error message!
[26-Oct-2020 14:57:41 Asia/Kolkata] 2020-10-26_14:57:41
[26-Oct-2020 14:57:41 Asia/Kolkata] C:\xampp\moodledata/m_proctoring_uploads/attempt_72/screenshot/5f96968d8ba2b.png
[26-Oct-2020 15:08:56 Asia/Kolkata] This is an error message!
[26-Oct-2020 15:09:22 Asia/Kolkata] This is an error message!
[26-Oct-2020 15:09:22 Asia/Kolkata] 2020-10-26_15:09:22
[26-Oct-2020 15:09:22 Asia/Kolkata] C:\xampp\moodledata/m_proctoring_uploads/attempt_73/screenshot/5f96994a302a2.png
[26-Oct-2020 15:09:29 Asia/Kolkata] This is an error message!
[26-Oct-2020 15:09:29 Asia/Kolkata] 2020-10-26_15:09:29
[26-Oct-2020 15:09:29 Asia/Kolkata] C:\xampp\moodledata/m_proctoring_uploads/attempt_73/screenshot/5f9699512a026.png
[26-Oct-2020 15:09:36 Asia/Kolkata] This is an error message!
[26-Oct-2020 15:09:36 Asia/Kolkata] 2020-10-26_15:09:36
[26-Oct-2020 15:09:36 Asia/Kolkata] C:\xampp\moodledata/m_proctoring_uploads/attempt_73/screenshot/5f9699581b0d1.png
[26-Oct-2020 15:09:43 Asia/Kolkata] This is an error message!
[26-Oct-2020 15:09:43 Asia/Kolkata] 2020-10-26_15:09:43
[26-Oct-2020 15:09:43 Asia/Kolkata] C:\xampp\moodledata/m_proctoring_uploads/attempt_73/screenshot/5f96995f1d194.png
[26-Oct-2020 15:09:50 Asia/Kolkata] This is an error message!
[26-Oct-2020 15:09:50 Asia/Kolkata] 2020-10-26_15:09:50
[26-Oct-2020 15:09:50 Asia/Kolkata] C:\xampp\moodledata/m_proctoring_uploads/attempt_73/screenshot/5f9699666a09c.png
[26-Oct-2020 15:09:57 Asia/Kolkata] This is an error message!
[26-Oct-2020 15:09:57 Asia/Kolkata] 2020-10-26_15:09:57
[26-Oct-2020 15:09:57 Asia/Kolkata] C:\xampp\moodledata/m_proctoring_uploads/attempt_73/screenshot/5f96996d5422a.png
[26-Oct-2020 15:10:04 Asia/Kolkata] This is an error message!
[26-Oct-2020 15:10:04 Asia/Kolkata] 2020-10-26_15:10:04
[26-Oct-2020 15:10:04 Asia/Kolkata] C:\xampp\moodledata/m_proctoring_uploads/attempt_73/screenshot/5f9699746010e.png
[26-Oct-2020 15:10:16 Asia/Kolkata] This is an error message!
[26-Oct-2020 15:10:16 Asia/Kolkata] 2020-10-26_15:10:16
[26-Oct-2020 15:10:16 Asia/Kolkata] C:\xampp\moodledata/m_proctoring_uploads/attempt_73/screenshot/5f969980e9b03.png
[26-Oct-2020 15:10:24 Asia/Kolkata] This is an error message!
[26-Oct-2020 15:10:24 Asia/Kolkata] 2020-10-26_15:10:24
[26-Oct-2020 15:10:24 Asia/Kolkata] C:\xampp\moodledata/m_proctoring_uploads/attempt_73/screenshot/5f9699881939e.png
[26-Oct-2020 15:10:30 Asia/Kolkata] This is an error message!
[26-Oct-2020 15:10:31 Asia/Kolkata] 2020-10-26_15:10:31
[26-Oct-2020 15:10:31 Asia/Kolkata] C:\xampp\moodledata/m_proctoring_uploads/attempt_73/screenshot/5f96998f0358a.png
[26-Oct-2020 15:10:38 Asia/Kolkata] This is an error message!
[26-Oct-2020 15:10:38 Asia/Kolkata] 2020-10-26_15:10:38
[26-Oct-2020 15:10:38 Asia/Kolkata] C:\xampp\moodledata/m_proctoring_uploads/attempt_73/screenshot/5f9699960c84c.png
[26-Oct-2020 15:10:44 Asia/Kolkata] This is an error message!
[26-Oct-2020 15:10:45 Asia/Kolkata] 2020-10-26_15:10:44
[26-Oct-2020 15:10:45 Asia/Kolkata] C:\xampp\moodledata/m_proctoring_uploads/attempt_73/screenshot/5f96999d02da4.png
[26-Oct-2020 15:10:52 Asia/Kolkata] This is an error message!
[26-Oct-2020 15:10:52 Asia/Kolkata] 2020-10-26_15:10:52
[26-Oct-2020 15:10:52 Asia/Kolkata] C:\xampp\moodledata/m_proctoring_uploads/attempt_73/screenshot/5f9699a45afe5.png
[26-Oct-2020 15:10:59 Asia/Kolkata] This is an error message!
[26-Oct-2020 15:10:59 Asia/Kolkata] 2020-10-26_15:10:59
[26-Oct-2020 15:10:59 Asia/Kolkata] C:\xampp\moodledata/m_proctoring_uploads/attempt_73/screenshot/5f9699ab5116b.png
[26-Oct-2020 15:11:06 Asia/Kolkata] This is an error message!
[26-Oct-2020 15:11:06 Asia/Kolkata] 2020-10-26_15:11:06
[26-Oct-2020 15:11:06 Asia/Kolkata] C:\xampp\moodledata/m_proctoring_uploads/attempt_73/screenshot/5f9699b24f2c9.png
[26-Oct-2020 15:11:13 Asia/Kolkata] This is an error message!
[26-Oct-2020 15:11:13 Asia/Kolkata] 2020-10-26_15:11:13
[26-Oct-2020 15:11:13 Asia/Kolkata] C:\xampp\moodledata/m_proctoring_uploads/attempt_73/screenshot/5f9699b9601dc.png
[26-Oct-2020 15:11:20 Asia/Kolkata] This is an error message!
[26-Oct-2020 15:11:20 Asia/Kolkata] 2020-10-26_15:11:20
[26-Oct-2020 15:11:20 Asia/Kolkata] C:\xampp\moodledata/m_proctoring_uploads/attempt_73/screenshot/5f9699c08f609.png
[26-Oct-2020 15:11:27 Asia/Kolkata] This is an error message!
[26-Oct-2020 15:11:27 Asia/Kolkata] 2020-10-26_15:11:27
[26-Oct-2020 15:11:27 Asia/Kolkata] C:\xampp\moodledata/m_proctoring_uploads/attempt_73/screenshot/5f9699c7a716c.png
[26-Oct-2020 15:11:34 Asia/Kolkata] This is an error message!
[26-Oct-2020 15:11:34 Asia/Kolkata] 2020-10-26_15:11:34
[26-Oct-2020 15:11:34 Asia/Kolkata] C:\xampp\moodledata/m_proctoring_uploads/attempt_73/screenshot/5f9699ce5de08.png
[26-Oct-2020 15:11:41 Asia/Kolkata] This is an error message!
[26-Oct-2020 15:11:41 Asia/Kolkata] 2020-10-26_15:11:41
[26-Oct-2020 15:11:41 Asia/Kolkata] C:\xampp\moodledata/m_proctoring_uploads/attempt_73/screenshot/5f9699d54a6df.png
[26-Oct-2020 15:11:48 Asia/Kolkata] This is an error message!
[26-Oct-2020 15:11:48 Asia/Kolkata] 2020-10-26_15:11:48
[26-Oct-2020 15:11:48 Asia/Kolkata] C:\xampp\moodledata/m_proctoring_uploads/attempt_73/screenshot/5f9699dc62094.png
[26-Oct-2020 15:12:16 Asia/Kolkata] This is an error message!
[26-Oct-2020 15:12:16 Asia/Kolkata] 2020-10-26_15:12:16
[26-Oct-2020 15:12:16 Asia/Kolkata] C:\xampp\moodledata/m_proctoring_uploads/attempt_73/screenshot/5f9699f8938c2.png
[26-Oct-2020 15:12:24 Asia/Kolkata] This is an error message!
[26-Oct-2020 15:12:24 Asia/Kolkata] 2020-10-26_15:12:24
[26-Oct-2020 15:12:24 Asia/Kolkata] C:\xampp\moodledata/m_proctoring_uploads/attempt_73/screenshot/5f969a005ae12.png
[26-Oct-2020 15:12:30 Asia/Kolkata] This is an error message!
[26-Oct-2020 15:12:30 Asia/Kolkata] 2020-10-26_15:12:30
[26-Oct-2020 15:12:30 Asia/Kolkata] C:\xampp\moodledata/m_proctoring_uploads/attempt_73/screenshot/5f969a066dc0a.png
[26-Oct-2020 15:12:37 Asia/Kolkata] This is an error message!
[26-Oct-2020 15:12:37 Asia/Kolkata] 2020-10-26_15:12:37
[26-Oct-2020 15:12:37 Asia/Kolkata] C:\xampp\moodledata/m_proctoring_uploads/attempt_73/screenshot/5f969a0da2167.png
[26-Oct-2020 15:12:44 Asia/Kolkata] This is an error message!
[26-Oct-2020 15:12:44 Asia/Kolkata] 2020-10-26_15:12:44
[26-Oct-2020 15:12:44 Asia/Kolkata] C:\xampp\moodledata/m_proctoring_uploads/attempt_73/screenshot/5f969a14625f4.png
[26-Oct-2020 15:12:52 Asia/Kolkata] This is an error message!
[26-Oct-2020 15:12:52 Asia/Kolkata] 2020-10-26_15:12:52
[26-Oct-2020 15:12:52 Asia/Kolkata] C:\xampp\moodledata/m_proctoring_uploads/attempt_73/screenshot/5f969a1cbe551.png
[26-Oct-2020 15:12:59 Asia/Kolkata] This is an error message!
[26-Oct-2020 15:12:59 Asia/Kolkata] 2020-10-26_15:12:59
[26-Oct-2020 15:12:59 Asia/Kolkata] C:\xampp\moodledata/m_proctoring_uploads/attempt_73/screenshot/5f969a2381552.png
[26-Oct-2020 15:13:06 Asia/Kolkata] This is an error message!
[26-Oct-2020 15:13:06 Asia/Kolkata] 2020-10-26_15:13:06
[26-Oct-2020 15:13:06 Asia/Kolkata] C:\xampp\moodledata/m_proctoring_uploads/attempt_73/screenshot/5f969a2a6556c.png
[26-Oct-2020 15:13:13 Asia/Kolkata] This is an error message!
[26-Oct-2020 15:13:13 Asia/Kolkata] 2020-10-26_15:13:13
[26-Oct-2020 15:13:13 Asia/Kolkata] C:\xampp\moodledata/m_proctoring_uploads/attempt_73/screenshot/5f969a313b652.png
[26-Oct-2020 15:13:20 Asia/Kolkata] This is an error message!
[26-Oct-2020 15:13:20 Asia/Kolkata] 2020-10-26_15:13:20
[26-Oct-2020 15:13:20 Asia/Kolkata] C:\xampp\moodledata/m_proctoring_uploads/attempt_73/screenshot/5f969a386c35f.png
[26-Oct-2020 15:13:27 Asia/Kolkata] This is an error message!
[26-Oct-2020 15:13:27 Asia/Kolkata] 2020-10-26_15:13:27
[26-Oct-2020 15:13:27 Asia/Kolkata] C:\xampp\moodledata/m_proctoring_uploads/attempt_73/screenshot/5f969a3f93ceb.png
[26-Oct-2020 15:13:34 Asia/Kolkata] This is an error message!
[26-Oct-2020 15:13:34 Asia/Kolkata] 2020-10-26_15:13:34
[26-Oct-2020 15:13:34 Asia/Kolkata] C:\xampp\moodledata/m_proctoring_uploads/attempt_73/screenshot/5f969a4661831.png
[26-Oct-2020 15:13:41 Asia/Kolkata] This is an error message!
[26-Oct-2020 15:13:41 Asia/Kolkata] 2020-10-26_15:13:41
[26-Oct-2020 15:13:41 Asia/Kolkata] C:\xampp\moodledata/m_proctoring_uploads/attempt_73/screenshot/5f969a4d96344.png
[26-Oct-2020 15:13:48 Asia/Kolkata] This is an error message!
[26-Oct-2020 15:13:48 Asia/Kolkata] 2020-10-26_15:13:48
[26-Oct-2020 15:13:48 Asia/Kolkata] C:\xampp\moodledata/m_proctoring_uploads/attempt_73/screenshot/5f969a5454397.png
[26-Oct-2020 15:13:55 Asia/Kolkata] This is an error message!
[26-Oct-2020 15:13:55 Asia/Kolkata] 2020-10-26_15:13:55
[26-Oct-2020 15:13:55 Asia/Kolkata] C:\xampp\moodledata/m_proctoring_uploads/attempt_73/screenshot/5f969a5b5fb8f.png
[26-Oct-2020 15:14:02 Asia/Kolkata] This is an error message!
[26-Oct-2020 15:14:02 Asia/Kolkata] 2020-10-26_15:14:02
[26-Oct-2020 15:14:02 Asia/Kolkata] C:\xampp\moodledata/m_proctoring_uploads/attempt_73/screenshot/5f969a625cdb7.png
[26-Oct-2020 15:14:09 Asia/Kolkata] This is an error message!
[26-Oct-2020 15:14:09 Asia/Kolkata] 2020-10-26_15:14:09
[26-Oct-2020 15:14:09 Asia/Kolkata] C:\xampp\moodledata/m_proctoring_uploads/attempt_73/screenshot/5f969a69640d3.png
[26-Oct-2020 15:14:16 Asia/Kolkata] This is an error message!
[26-Oct-2020 15:14:16 Asia/Kolkata] 2020-10-26_15:14:16
[26-Oct-2020 15:14:16 Asia/Kolkata] C:\xampp\moodledata/m_proctoring_uploads/attempt_73/screenshot/5f969a706d8e7.png
[26-Oct-2020 15:14:24 Asia/Kolkata] This is an error message!
[26-Oct-2020 15:14:24 Asia/Kolkata] 2020-10-26_15:14:24
[26-Oct-2020 15:14:24 Asia/Kolkata] C:\xampp\moodledata/m_proctoring_uploads/attempt_73/screenshot/5f969a7857b7d.png
[26-Oct-2020 15:14:30 Asia/Kolkata] This is an error message!
[26-Oct-2020 15:14:30 Asia/Kolkata] 2020-10-26_15:14:30
[26-Oct-2020 15:14:30 Asia/Kolkata] C:\xampp\moodledata/m_proctoring_uploads/attempt_73/screenshot/5f969a7e9476b.png
[26-Oct-2020 15:14:37 Asia/Kolkata] This is an error message!
[26-Oct-2020 15:14:37 Asia/Kolkata] 2020-10-26_15:14:37
[26-Oct-2020 15:14:38 Asia/Kolkata] C:\xampp\moodledata/m_proctoring_uploads/attempt_73/screenshot/5f969a8604ace.png
[26-Oct-2020 15:14:44 Asia/Kolkata] This is an error message!
[26-Oct-2020 15:14:44 Asia/Kolkata] 2020-10-26_15:14:44
[26-Oct-2020 15:14:44 Asia/Kolkata] C:\xampp\moodledata/m_proctoring_uploads/attempt_73/screenshot/5f969a8c516fe.png
[26-Oct-2020 15:14:51 Asia/Kolkata] This is an error message!
[26-Oct-2020 15:14:51 Asia/Kolkata] 2020-10-26_15:14:51
[26-Oct-2020 15:14:51 Asia/Kolkata] C:\xampp\moodledata/m_proctoring_uploads/attempt_73/screenshot/5f969a936e048.png
[26-Oct-2020 15:14:57 Asia/Kolkata] This is an error message!
[26-Oct-2020 15:14:57 Asia/Kolkata] 2020-10-26_15:14:57
[26-Oct-2020 15:14:57 Asia/Kolkata] C:\xampp\moodledata/m_proctoring_uploads/attempt_73/screenshot/5f969a997a41f.png
[26-Oct-2020 15:15:09 Asia/Kolkata] This is an error message!
[26-Oct-2020 15:15:09 Asia/Kolkata] 2020-10-26_15:15:09
[26-Oct-2020 15:15:09 Asia/Kolkata] C:\xampp\moodledata/m_proctoring_uploads/attempt_73/screenshot/5f969aa59bbba.png
[26-Oct-2020 15:15:16 Asia/Kolkata] This is an error message!
[26-Oct-2020 15:15:16 Asia/Kolkata] 2020-10-26_15:15:16
[26-Oct-2020 15:15:16 Asia/Kolkata] C:\xampp\moodledata/m_proctoring_uploads/attempt_73/screenshot/5f969aaca0d66.png
[26-Oct-2020 15:15:23 Asia/Kolkata] This is an error message!
[26-Oct-2020 15:15:23 Asia/Kolkata] 2020-10-26_15:15:23
[26-Oct-2020 15:15:23 Asia/Kolkata] C:\xampp\moodledata/m_proctoring_uploads/attempt_73/screenshot/5f969ab3b518d.png
[26-Oct-2020 15:17:22 Asia/Kolkata] This is an error message!
[26-Oct-2020 15:18:21 Asia/Kolkata] This is an error message!
[26-Oct-2020 15:18:21 Asia/Kolkata] 2020-10-26_15:18:21
[26-Oct-2020 15:18:21 Asia/Kolkata] C:\xampp\moodledata/m_proctoring_uploads/attempt_74/screenshot/5f969b6564822.png
[26-Oct-2020 15:18:30 Asia/Kolkata] This is an error message!
[26-Oct-2020 15:18:30 Asia/Kolkata] 2020-10-26_15:18:30
[26-Oct-2020 15:18:30 Asia/Kolkata] C:\xampp\moodledata/m_proctoring_uploads/attempt_74/screenshot/5f969b6e58cff.png
[26-Oct-2020 15:18:37 Asia/Kolkata] This is an error message!
[26-Oct-2020 15:18:37 Asia/Kolkata] 2020-10-26_15:18:37
[26-Oct-2020 15:18:37 Asia/Kolkata] C:\xampp\moodledata/m_proctoring_uploads/attempt_74/screenshot/5f969b75571b4.png
[26-Oct-2020 15:18:48 Asia/Kolkata] This is an error message!
[26-Oct-2020 15:18:48 Asia/Kolkata] 2020-10-26_15:18:48
[26-Oct-2020 15:18:48 Asia/Kolkata] C:\xampp\moodledata/m_proctoring_uploads/attempt_74/screenshot/5f969b80627db.png
[26-Oct-2020 15:19:07 Asia/Kolkata] This is an error message!
[26-Oct-2020 15:19:07 Asia/Kolkata] 2020-10-26_15:19:07
[26-Oct-2020 15:19:07 Asia/Kolkata] C:\xampp\moodledata/m_proctoring_uploads/attempt_74/screenshot/5f969b9362271.png
[26-Oct-2020 15:19:18 Asia/Kolkata] This is an error message!
[26-Oct-2020 15:19:18 Asia/Kolkata] 2020-10-26_15:19:18
[26-Oct-2020 15:19:18 Asia/Kolkata] C:\xampp\moodledata/m_proctoring_uploads/attempt_74/screenshot/5f969b9e72647.png
[26-Oct-2020 15:19:59 Asia/Kolkata] This is an error message!
[26-Oct-2020 15:19:59 Asia/Kolkata] 2020-10-26_15:19:59
[26-Oct-2020 15:19:59 Asia/Kolkata] C:\xampp\moodledata/m_proctoring_uploads/attempt_74/screenshot/5f969bc795407.png
[26-Oct-2020 15:20:06 Asia/Kolkata] This is an error message!
[26-Oct-2020 15:20:06 Asia/Kolkata] 2020-10-26_15:20:06
[26-Oct-2020 15:20:06 Asia/Kolkata] C:\xampp\moodledata/m_proctoring_uploads/attempt_74/screenshot/5f969bce87a0f.png
[26-Oct-2020 15:20:13 Asia/Kolkata] This is an error message!
[26-Oct-2020 15:20:13 Asia/Kolkata] 2020-10-26_15:20:13
[26-Oct-2020 15:20:13 Asia/Kolkata] C:\xampp\moodledata/m_proctoring_uploads/attempt_74/screenshot/5f969bd5a5770.png
[26-Oct-2020 15:20:20 Asia/Kolkata] This is an error message!
[26-Oct-2020 15:20:20 Asia/Kolkata] 2020-10-26_15:20:20
[26-Oct-2020 15:20:20 Asia/Kolkata] C:\xampp\moodledata/m_proctoring_uploads/attempt_74/screenshot/5f969bdc9bc7d.png
[26-Oct-2020 15:20:35 Asia/Kolkata] This is an error message!
[26-Oct-2020 15:20:35 Asia/Kolkata] 2020-10-26_15:20:35
[26-Oct-2020 15:20:35 Asia/Kolkata] C:\xampp\moodledata/m_proctoring_uploads/attempt_74/screenshot/5f969beb8e2c0.png
[26-Oct-2020 15:20:43 Asia/Kolkata] This is an error message!
[26-Oct-2020 15:20:43 Asia/Kolkata] 2020-10-26_15:20:43
[26-Oct-2020 15:20:43 Asia/Kolkata] C:\xampp\moodledata/m_proctoring_uploads/attempt_74/screenshot/5f969bf34f0a3.png
[26-Oct-2020 15:20:49 Asia/Kolkata] This is an error message!
[26-Oct-2020 15:20:49 Asia/Kolkata] 2020-10-26_15:20:49
[26-Oct-2020 15:20:49 Asia/Kolkata] C:\xampp\moodledata/m_proctoring_uploads/attempt_74/screenshot/5f969bf95f415.png
[26-Oct-2020 19:24:49 Asia/Kolkata] This is an error message!
[26-Oct-2020 19:25:35 Asia/Kolkata] This is an error message!
[26-Oct-2020 19:25:35 Asia/Kolkata] 2020-10-26_19:25:35
[26-Oct-2020 19:25:35 Asia/Kolkata] C:\xampp\moodledata/m_proctoring_uploads/attempt_75/screenshot/5f96d5574cb54.png
[26-Oct-2020 19:25:41 Asia/Kolkata] This is an error message!
[26-Oct-2020 19:25:41 Asia/Kolkata] 2020-10-26_19:25:41
[26-Oct-2020 19:25:41 Asia/Kolkata] C:\xampp\moodledata/m_proctoring_uploads/attempt_75/screenshot/5f96d55de79e6.png
[26-Oct-2020 19:25:49 Asia/Kolkata] This is an error message!
[26-Oct-2020 19:25:49 Asia/Kolkata] 2020-10-26_19:25:49
[26-Oct-2020 19:25:49 Asia/Kolkata] C:\xampp\moodledata/m_proctoring_uploads/attempt_75/screenshot/5f96d56511e08.png
[26-Oct-2020 19:25:56 Asia/Kolkata] This is an error message!
[26-Oct-2020 19:25:56 Asia/Kolkata] 2020-10-26_19:25:56
[26-Oct-2020 19:25:56 Asia/Kolkata] C:\xampp\moodledata/m_proctoring_uploads/attempt_75/screenshot/5f96d56c24e45.png
[26-Oct-2020 19:26:03 Asia/Kolkata] This is an error message!
[26-Oct-2020 19:26:03 Asia/Kolkata] 2020-10-26_19:26:03
[26-Oct-2020 19:26:03 Asia/Kolkata] C:\xampp\moodledata/m_proctoring_uploads/attempt_75/screenshot/5f96d5734142b.png
[26-Oct-2020 19:26:10 Asia/Kolkata] This is an error message!
[26-Oct-2020 19:26:10 Asia/Kolkata] 2020-10-26_19:26:10
[26-Oct-2020 19:26:10 Asia/Kolkata] C:\xampp\moodledata/m_proctoring_uploads/attempt_75/screenshot/5f96d57a73a0d.png
[26-Oct-2020 19:26:17 Asia/Kolkata] This is an error message!
[26-Oct-2020 19:26:17 Asia/Kolkata] 2020-10-26_19:26:17
[26-Oct-2020 19:26:17 Asia/Kolkata] C:\xampp\moodledata/m_proctoring_uploads/attempt_75/screenshot/5f96d58134ee0.png
[26-Oct-2020 19:26:24 Asia/Kolkata] This is an error message!
[26-Oct-2020 19:26:24 Asia/Kolkata] 2020-10-26_19:26:24
[26-Oct-2020 19:26:24 Asia/Kolkata] C:\xampp\moodledata/m_proctoring_uploads/attempt_75/screenshot/5f96d588a7137.png
[26-Oct-2020 19:26:31 Asia/Kolkata] This is an error message!
[26-Oct-2020 19:26:31 Asia/Kolkata] 2020-10-26_19:26:31
[26-Oct-2020 19:26:31 Asia/Kolkata] C:\xampp\moodledata/m_proctoring_uploads/attempt_75/screenshot/5f96d58f570dd.png
[26-Oct-2020 19:26:40 Asia/Kolkata] This is an error message!
[26-Oct-2020 19:26:40 Asia/Kolkata] 2020-10-26_19:26:40
[26-Oct-2020 19:26:40 Asia/Kolkata] C:\xampp\moodledata/m_proctoring_uploads/attempt_75/screenshot/5f96d598da5aa.png
[26-Oct-2020 19:26:49 Asia/Kolkata] This is an error message!
[26-Oct-2020 19:26:49 Asia/Kolkata] 2020-10-26_19:26:49
[26-Oct-2020 19:26:49 Asia/Kolkata] C:\xampp\moodledata/m_proctoring_uploads/attempt_75/screenshot/5f96d5a1e9af8.png
[26-Oct-2020 19:26:57 Asia/Kolkata] This is an error message!
[26-Oct-2020 19:26:57 Asia/Kolkata] 2020-10-26_19:26:57
[26-Oct-2020 19:26:57 Asia/Kolkata] C:\xampp\moodledata/m_proctoring_uploads/attempt_75/screenshot/5f96d5a92117c.png
[26-Oct-2020 19:27:04 Asia/Kolkata] This is an error message!
[26-Oct-2020 19:27:04 Asia/Kolkata] 2020-10-26_19:27:04
[26-Oct-2020 19:27:04 Asia/Kolkata] C:\xampp\moodledata/m_proctoring_uploads/attempt_75/screenshot/5f96d5b07e3a8.png
[26-Oct-2020 19:27:11 Asia/Kolkata] This is an error message!
[26-Oct-2020 19:27:11 Asia/Kolkata] 2020-10-26_19:27:11
[26-Oct-2020 19:27:11 Asia/Kolkata] C:\xampp\moodledata/m_proctoring_uploads/attempt_75/screenshot/5f96d5b772514.png
[26-Oct-2020 19:27:18 Asia/Kolkata] This is an error message!
[26-Oct-2020 19:27:18 Asia/Kolkata] 2020-10-26_19:27:18
[26-Oct-2020 19:27:18 Asia/Kolkata] C:\xampp\moodledata/m_proctoring_uploads/attempt_75/screenshot/5f96d5be6e58c.png
[26-Oct-2020 19:27:25 Asia/Kolkata] This is an error message!
[26-Oct-2020 19:27:25 Asia/Kolkata] 2020-10-26_19:27:25
[26-Oct-2020 19:27:25 Asia/Kolkata] C:\xampp\moodledata/m_proctoring_uploads/attempt_75/screenshot/5f96d5c5ed5fe.png
[26-Oct-2020 19:27:32 Asia/Kolkata] This is an error message!
[26-Oct-2020 19:27:32 Asia/Kolkata] 2020-10-26_19:27:32
[26-Oct-2020 19:27:32 Asia/Kolkata] C:\xampp\moodledata/m_proctoring_uploads/attempt_75/screenshot/5f96d5cc73f8e.png
[26-Oct-2020 19:27:39 Asia/Kolkata] This is an error message!
[26-Oct-2020 19:27:39 Asia/Kolkata] 2020-10-26_19:27:39
[26-Oct-2020 19:27:39 Asia/Kolkata] C:\xampp\moodledata/m_proctoring_uploads/attempt_75/screenshot/5f96d5d3721cb.png
[26-Oct-2020 19:27:46 Asia/Kolkata] This is an error message!
[26-Oct-2020 19:27:46 Asia/Kolkata] 2020-10-26_19:27:46
[26-Oct-2020 19:27:46 Asia/Kolkata] C:\xampp\moodledata/m_proctoring_uploads/attempt_75/screenshot/5f96d5da61bef.png
[26-Oct-2020 19:27:53 Asia/Kolkata] This is an error message!
[26-Oct-2020 19:27:53 Asia/Kolkata] 2020-10-26_19:27:53
[26-Oct-2020 19:27:53 Asia/Kolkata] C:\xampp\moodledata/m_proctoring_uploads/attempt_75/screenshot/5f96d5e17c945.png
[26-Oct-2020 19:28:00 Asia/Kolkata] This is an error message!
[26-Oct-2020 19:28:00 Asia/Kolkata] 2020-10-26_19:28:00
[26-Oct-2020 19:28:01 Asia/Kolkata] C:\xampp\moodledata/m_proctoring_uploads/attempt_75/screenshot/5f96d5e90210d.png
[26-Oct-2020 19:28:16 Asia/Kolkata] This is an error message!
[26-Oct-2020 19:28:16 Asia/Kolkata] 2020-10-26_19:28:16
[26-Oct-2020 19:28:16 Asia/Kolkata] C:\xampp\moodledata/m_proctoring_uploads/attempt_75/screenshot/5f96d5f810c93.png
[26-Oct-2020 19:28:23 Asia/Kolkata] This is an error message!
[26-Oct-2020 19:28:23 Asia/Kolkata] 2020-10-26_19:28:23
[26-Oct-2020 19:28:23 Asia/Kolkata] C:\xampp\moodledata/m_proctoring_uploads/attempt_75/screenshot/5f96d5ff38441.png
[26-Oct-2020 19:28:30 Asia/Kolkata] This is an error message!
[26-Oct-2020 19:28:30 Asia/Kolkata] 2020-10-26_19:28:30
[26-Oct-2020 19:28:30 Asia/Kolkata] C:\xampp\moodledata/m_proctoring_uploads/attempt_75/screenshot/5f96d6067b253.png
[26-Oct-2020 19:29:18 Asia/Kolkata] This is an error message!
[26-Oct-2020 19:29:18 Asia/Kolkata] 2020-10-26_19:29:18
[26-Oct-2020 19:29:18 Asia/Kolkata] C:\xampp\moodledata/m_proctoring_uploads/attempt_75/screenshot/5f96d6366c6e9.png
[26-Oct-2020 19:29:26 Asia/Kolkata] This is an error message!
[26-Oct-2020 19:29:26 Asia/Kolkata] 2020-10-26_19:29:26
[26-Oct-2020 19:29:26 Asia/Kolkata] C:\xampp\moodledata/m_proctoring_uploads/attempt_75/screenshot/5f96d63e7ea99.png
[26-Oct-2020 19:29:33 Asia/Kolkata] This is an error message!
[26-Oct-2020 19:29:33 Asia/Kolkata] 2020-10-26_19:29:33
[26-Oct-2020 19:29:33 Asia/Kolkata] C:\xampp\moodledata/m_proctoring_uploads/attempt_75/screenshot/5f96d645829a6.png
[26-Oct-2020 19:29:40 Asia/Kolkata] This is an error message!
[26-Oct-2020 19:29:40 Asia/Kolkata] 2020-10-26_19:29:40
[26-Oct-2020 19:29:40 Asia/Kolkata] C:\xampp\moodledata/m_proctoring_uploads/attempt_75/screenshot/5f96d64c577cb.png
[26-Oct-2020 19:29:47 Asia/Kolkata] This is an error message!
[26-Oct-2020 19:29:47 Asia/Kolkata] 2020-10-26_19:29:47
[26-Oct-2020 19:29:47 Asia/Kolkata] C:\xampp\moodledata/m_proctoring_uploads/attempt_75/screenshot/5f96d65371ba6.png
[26-Oct-2020 19:29:54 Asia/Kolkata] This is an error message!
[26-Oct-2020 19:29:54 Asia/Kolkata] 2020-10-26_19:29:54
[26-Oct-2020 19:29:54 Asia/Kolkata] C:\xampp\moodledata/m_proctoring_uploads/attempt_75/screenshot/5f96d65a83595.png
[26-Oct-2020 19:30:01 Asia/Kolkata] This is an error message!
[26-Oct-2020 19:30:01 Asia/Kolkata] 2020-10-26_19:30:01
[26-Oct-2020 19:30:01 Asia/Kolkata] C:\xampp\moodledata/m_proctoring_uploads/attempt_75/screenshot/5f96d66171fdf.png
[26-Oct-2020 19:30:08 Asia/Kolkata] This is an error message!
[26-Oct-2020 19:30:08 Asia/Kolkata] 2020-10-26_19:30:08
[26-Oct-2020 19:30:08 Asia/Kolkata] C:\xampp\moodledata/m_proctoring_uploads/attempt_75/screenshot/5f96d66870e3e.png
[26-Oct-2020 19:30:15 Asia/Kolkata] This is an error message!
[26-Oct-2020 19:30:15 Asia/Kolkata] 2020-10-26_19:30:15
[26-Oct-2020 19:30:15 Asia/Kolkata] C:\xampp\moodledata/m_proctoring_uploads/attempt_75/screenshot/5f96d66f7390a.png
[26-Oct-2020 19:30:22 Asia/Kolkata] This is an error message!
[26-Oct-2020 19:30:22 Asia/Kolkata] 2020-10-26_19:30:22
[26-Oct-2020 19:30:22 Asia/Kolkata] C:\xampp\moodledata/m_proctoring_uploads/attempt_75/screenshot/5f96d676764b3.png
[26-Oct-2020 19:30:29 Asia/Kolkata] This is an error message!
[26-Oct-2020 19:30:29 Asia/Kolkata] 2020-10-26_19:30:29
[26-Oct-2020 19:30:29 Asia/Kolkata] C:\xampp\moodledata/m_proctoring_uploads/attempt_75/screenshot/5f96d67d5dbbf.png
[26-Oct-2020 19:30:36 Asia/Kolkata] This is an error message!
[26-Oct-2020 19:30:36 Asia/Kolkata] 2020-10-26_19:30:36
[26-Oct-2020 19:30:36 Asia/Kolkata] C:\xampp\moodledata/m_proctoring_uploads/attempt_75/screenshot/5f96d68475189.png
[26-Oct-2020 19:30:43 Asia/Kolkata] This is an error message!
[26-Oct-2020 19:30:43 Asia/Kolkata] 2020-10-26_19:30:43
[26-Oct-2020 19:30:43 Asia/Kolkata] C:\xampp\moodledata/m_proctoring_uploads/attempt_75/screenshot/5f96d68b72ff8.png
[26-Oct-2020 19:30:50 Asia/Kolkata] This is an error message!
[26-Oct-2020 19:30:50 Asia/Kolkata] 2020-10-26_19:30:50
[26-Oct-2020 19:30:50 Asia/Kolkata] C:\xampp\moodledata/m_proctoring_uploads/attempt_75/screenshot/5f96d6926757e.png
[26-Oct-2020 19:30:57 Asia/Kolkata] This is an error message!
[26-Oct-2020 19:30:57 Asia/Kolkata] 2020-10-26_19:30:57
[26-Oct-2020 19:30:57 Asia/Kolkata] C:\xampp\moodledata/m_proctoring_uploads/attempt_75/screenshot/5f96d6997e317.png
[26-Oct-2020 19:31:04 Asia/Kolkata] This is an error message!
[26-Oct-2020 19:31:04 Asia/Kolkata] 2020-10-26_19:31:04
[26-Oct-2020 19:31:04 Asia/Kolkata] C:\xampp\moodledata/m_proctoring_uploads/attempt_75/screenshot/5f96d6a068f07.png
[26-Oct-2020 19:31:11 Asia/Kolkata] This is an error message!
[26-Oct-2020 19:31:11 Asia/Kolkata] 2020-10-26_19:31:11
[26-Oct-2020 19:31:11 Asia/Kolkata] C:\xampp\moodledata/m_proctoring_uploads/attempt_75/screenshot/5f96d6a76a902.png
[26-Oct-2020 19:31:18 Asia/Kolkata] This is an error message!
[26-Oct-2020 19:31:18 Asia/Kolkata] 2020-10-26_19:31:18
[26-Oct-2020 19:31:18 Asia/Kolkata] C:\xampp\moodledata/m_proctoring_uploads/attempt_75/screenshot/5f96d6ae77a90.png
[26-Oct-2020 19:31:25 Asia/Kolkata] This is an error message!
[26-Oct-2020 19:31:25 Asia/Kolkata] 2020-10-26_19:31:25
[26-Oct-2020 19:31:25 Asia/Kolkata] C:\xampp\moodledata/m_proctoring_uploads/attempt_75/screenshot/5f96d6b5bbc9e.png
[26-Oct-2020 19:32:06 Asia/Kolkata] This is an error message!
[26-Oct-2020 19:32:06 Asia/Kolkata] 2020-10-26_19:32:06
[26-Oct-2020 19:32:06 Asia/Kolkata] C:\xampp\moodledata/m_proctoring_uploads/attempt_75/screenshot/5f96d6de80696.png
[26-Oct-2020 19:32:13 Asia/Kolkata] This is an error message!
[26-Oct-2020 19:32:13 Asia/Kolkata] 2020-10-26_19:32:13
[26-Oct-2020 19:32:13 Asia/Kolkata] C:\xampp\moodledata/m_proctoring_uploads/attempt_75/screenshot/5f96d6e5bd479.png
[26-Oct-2020 19:32:20 Asia/Kolkata] This is an error message!
[26-Oct-2020 19:32:20 Asia/Kolkata] 2020-10-26_19:32:20
[26-Oct-2020 19:32:20 Asia/Kolkata] C:\xampp\moodledata/m_proctoring_uploads/attempt_75/screenshot/5f96d6ec780bc.png
[26-Oct-2020 19:32:28 Asia/Kolkata] This is an error message!
[26-Oct-2020 19:32:28 Asia/Kolkata] 2020-10-26_19:32:28
[26-Oct-2020 19:32:28 Asia/Kolkata] C:\xampp\moodledata/m_proctoring_uploads/attempt_75/screenshot/5f96d6f47dd13.png
[26-Oct-2020 19:32:35 Asia/Kolkata] This is an error message!
[26-Oct-2020 19:32:35 Asia/Kolkata] 2020-10-26_19:32:35
[26-Oct-2020 19:32:35 Asia/Kolkata] C:\xampp\moodledata/m_proctoring_uploads/attempt_75/screenshot/5f96d6fb7691e.png
[26-Oct-2020 19:32:41 Asia/Kolkata] This is an error message!
[26-Oct-2020 19:32:41 Asia/Kolkata] 2020-10-26_19:32:41
[26-Oct-2020 19:32:41 Asia/Kolkata] C:\xampp\moodledata/m_proctoring_uploads/attempt_75/screenshot/5f96d70182991.png
[26-Oct-2020 19:32:58 Asia/Kolkata] This is an error message!
[26-Oct-2020 19:32:58 Asia/Kolkata] 2020-10-26_19:32:58
[26-Oct-2020 19:32:58 Asia/Kolkata] C:\xampp\moodledata/m_proctoring_uploads/attempt_75/screenshot/5f96d71276c6c.png
[26-Oct-2020 19:40:17 Asia/Kolkata] This is an error message!
[26-Oct-2020 19:41:01 Asia/Kolkata] This is an error message!
[26-Oct-2020 19:41:01 Asia/Kolkata] 2020-10-26_19:41:01
[26-Oct-2020 19:41:01 Asia/Kolkata] C:\xampp\moodledata/m_proctoring_uploads/attempt_76/screenshot/5f96d8f57fa41.png
[26-Oct-2020 19:41:08 Asia/Kolkata] This is an error message!
[26-Oct-2020 19:41:08 Asia/Kolkata] 2020-10-26_19:41:08
[26-Oct-2020 19:41:08 Asia/Kolkata] C:\xampp\moodledata/m_proctoring_uploads/attempt_76/screenshot/5f96d8fc71360.png
[26-Oct-2020 19:41:40 Asia/Kolkata] This is an error message!
[26-Oct-2020 19:41:40 Asia/Kolkata] 2020-10-26_19:41:40
[26-Oct-2020 19:41:40 Asia/Kolkata] C:\xampp\moodledata/m_proctoring_uploads/attempt_76/screenshot/5f96d91c6a5e1.png
[26-Oct-2020 19:41:47 Asia/Kolkata] This is an error message!
[26-Oct-2020 19:41:47 Asia/Kolkata] 2020-10-26_19:41:47
[26-Oct-2020 19:41:47 Asia/Kolkata] C:\xampp\moodledata/m_proctoring_uploads/attempt_76/screenshot/5f96d92362076.png
[26-Oct-2020 19:43:53 Asia/Kolkata] This is an error message!
[26-Oct-2020 19:44:30 Asia/Kolkata] This is an error message!
[26-Oct-2020 19:44:30 Asia/Kolkata] 2020-10-26_19:44:30
[26-Oct-2020 19:44:30 Asia/Kolkata] C:\xampp\moodledata/m_proctoring_uploads/attempt_77/screenshot/5f96d9c696847.png
[26-Oct-2020 19:44:38 Asia/Kolkata] This is an error message!
[26-Oct-2020 19:44:38 Asia/Kolkata] 2020-10-26_19:44:38
[26-Oct-2020 19:44:38 Asia/Kolkata] C:\xampp\moodledata/m_proctoring_uploads/attempt_77/screenshot/5f96d9ce4ebf5.png
[26-Oct-2020 19:44:45 Asia/Kolkata] This is an error message!
[26-Oct-2020 19:44:45 Asia/Kolkata] 2020-10-26_19:44:45
[26-Oct-2020 19:44:45 Asia/Kolkata] C:\xampp\moodledata/m_proctoring_uploads/attempt_77/screenshot/5f96d9d56cff3.png
[26-Oct-2020 19:44:52 Asia/Kolkata] This is an error message!
[26-Oct-2020 19:44:52 Asia/Kolkata] 2020-10-26_19:44:52
[26-Oct-2020 19:44:52 Asia/Kolkata] C:\xampp\moodledata/m_proctoring_uploads/attempt_77/screenshot/5f96d9dc58011.png
[26-Oct-2020 19:45:06 Asia/Kolkata] This is an error message!
[26-Oct-2020 19:45:06 Asia/Kolkata] 2020-10-26_19:45:06
[26-Oct-2020 19:45:06 Asia/Kolkata] C:\xampp\moodledata/m_proctoring_uploads/attempt_77/screenshot/5f96d9ea95f6c.png
[26-Oct-2020 19:45:13 Asia/Kolkata] This is an error message!
[26-Oct-2020 19:45:13 Asia/Kolkata] 2020-10-26_19:45:13
[26-Oct-2020 19:45:13 Asia/Kolkata] C:\xampp\moodledata/m_proctoring_uploads/attempt_77/screenshot/5f96d9f1b596d.png
[26-Oct-2020 19:47:11 Asia/Kolkata] This is an error message!
[26-Oct-2020 19:47:46 Asia/Kolkata] This is an error message!
[26-Oct-2020 19:47:46 Asia/Kolkata] 2020-10-26_19:47:46
[26-Oct-2020 19:47:46 Asia/Kolkata] C:\xampp\moodledata/m_proctoring_uploads/attempt_78/screenshot/5f96da8a0b9ed.png
[26-Oct-2020 19:47:57 Asia/Kolkata] This is an error message!
[26-Oct-2020 19:47:57 Asia/Kolkata] 2020-10-26_19:47:57
[26-Oct-2020 19:47:57 Asia/Kolkata] C:\xampp\moodledata/m_proctoring_uploads/attempt_78/screenshot/5f96da95e01ff.png
[26-Oct-2020 19:48:10 Asia/Kolkata] This is an error message!
[26-Oct-2020 19:48:10 Asia/Kolkata] 2020-10-26_19:48:10
[26-Oct-2020 19:48:10 Asia/Kolkata] C:\xampp\moodledata/m_proctoring_uploads/attempt_78/screenshot/5f96daa26b96e.png
[26-Oct-2020 19:48:17 Asia/Kolkata] This is an error message!
[26-Oct-2020 19:48:17 Asia/Kolkata] 2020-10-26_19:48:17
[26-Oct-2020 19:48:17 Asia/Kolkata] C:\xampp\moodledata/m_proctoring_uploads/attempt_78/screenshot/5f96daa95df58.png
[26-Oct-2020 15:47:15 Europe/Berlin] This is an error message!
[26-Oct-2020 15:51:12 Europe/Berlin] This is an error message!
[26-Oct-2020 15:52:09 Europe/Berlin] This is an error message!
[26-Oct-2020 15:52:09 Europe/Berlin] 2020-10-26_15:52:09
[26-Oct-2020 15:52:09 Europe/Berlin] C:\xampp\moodledata/m_proctoring_uploads/attempt_601/screenshot/5f96e299b9726.png
[26-Oct-2020 15:52:16 Europe/Berlin] This is an error message!
[26-Oct-2020 15:52:16 Europe/Berlin] 2020-10-26_15:52:16
[26-Oct-2020 15:52:16 Europe/Berlin] C:\xampp\moodledata/m_proctoring_uploads/attempt_601/screenshot/5f96e2a0c692d.png
[26-Oct-2020 15:52:23 Europe/Berlin] This is an error message!
[26-Oct-2020 15:52:23 Europe/Berlin] 2020-10-26_15:52:23
[26-Oct-2020 15:52:23 Europe/Berlin] C:\xampp\moodledata/m_proctoring_uploads/attempt_601/screenshot/5f96e2a7ac2bc.png
[26-Oct-2020 15:55:37 Europe/Berlin] This is an error message!
[26-Oct-2020 16:00:33 Europe/Berlin] This is an error message!
[26-Oct-2020 16:00:33 Europe/Berlin] 2020-10-26_16:00:33
[26-Oct-2020 16:00:33 Europe/Berlin] C:\xampp\moodledata/m_proctoring_uploads/attempt_602/screenshot/5f96e4914f636.png
[26-Oct-2020 16:00:40 Europe/Berlin] This is an error message!
[26-Oct-2020 16:00:40 Europe/Berlin] 2020-10-26_16:00:40
[26-Oct-2020 16:00:40 Europe/Berlin] C:\xampp\moodledata/m_proctoring_uploads/attempt_602/screenshot/5f96e4984abbc.png
[26-Oct-2020 16:00:47 Europe/Berlin] This is an error message!
[26-Oct-2020 16:00:47 Europe/Berlin] 2020-10-26_16:00:47
[26-Oct-2020 16:00:47 Europe/Berlin] C:\xampp\moodledata/m_proctoring_uploads/attempt_602/screenshot/5f96e49f48408.png
[26-Oct-2020 16:00:54 Europe/Berlin] This is an error message!
[26-Oct-2020 16:00:54 Europe/Berlin] 2020-10-26_16:00:54
[26-Oct-2020 16:00:54 Europe/Berlin] C:\xampp\moodledata/m_proctoring_uploads/attempt_602/screenshot/5f96e4a64dd2f.png
[26-Oct-2020 16:01:01 Europe/Berlin] This is an error message!
[26-Oct-2020 16:01:01 Europe/Berlin] 2020-10-26_16:01:01
[26-Oct-2020 16:01:01 Europe/Berlin] C:\xampp\moodledata/m_proctoring_uploads/attempt_602/screenshot/5f96e4ad44d2b.png
[26-Oct-2020 16:01:08 Europe/Berlin] This is an error message!
[26-Oct-2020 16:01:08 Europe/Berlin] 2020-10-26_16:01:08
[26-Oct-2020 16:01:08 Europe/Berlin] C:\xampp\moodledata/m_proctoring_uploads/attempt_602/screenshot/5f96e4b442b68.png
[26-Oct-2020 16:13:55 Europe/Berlin] Default exception handler: Exception - Unable to connect to tls://meetcs.cognitiveservices.azure.com:443. Error: php_network_getaddresses: getaddrinfo failed: No such host is known.  Debug: 
Error code: generalexceptionmessage
* line 128 of C:\xampp\php\pear\HTTP\Request2\SocketWrapper.php: HTTP_Request2_ConnectionException thrown
* line 322 of C:\xampp\php\pear\HTTP\Request2\Adapter\Socket.php: call to HTTP_Request2_SocketWrapper->__construct()
* line 128 of C:\xampp\php\pear\HTTP\Request2\Adapter\Socket.php: call to HTTP_Request2_Adapter_Socket->connect()
* line 937 of C:\xampp\php\pear\HTTP\Request2.php: call to HTTP_Request2_Adapter_Socket->sendRequest()
* line 76 of \mod\quiz\accessrule\mproctoring\api\face_count.php: call to HTTP_Request2->send()

[26-Oct-2020 16:13:56 Europe/Berlin] This is an error message!
[26-Oct-2020 16:13:57 Europe/Berlin] This is an error message!
[26-Oct-2020 16:14:31 Europe/Berlin] This is an error message!
[26-Oct-2020 16:14:31 Europe/Berlin] 2020-10-26_16:14:31
[26-Oct-2020 16:14:31 Europe/Berlin] C:\xampp\moodledata/m_proctoring_uploads/attempt_603/screenshot/5f96e7d79d8c7.png
[26-Oct-2020 16:14:44 Europe/Berlin] This is an error message!
[26-Oct-2020 16:14:45 Europe/Berlin] 2020-10-26_16:14:45
[26-Oct-2020 16:14:45 Europe/Berlin] C:\xampp\moodledata/m_proctoring_uploads/attempt_603/screenshot/5f96e7e50b642.png
[26-Oct-2020 16:15:23 Europe/Berlin] This is an error message!
[26-Oct-2020 16:15:23 Europe/Berlin] 2020-10-26_16:15:23
[26-Oct-2020 16:15:23 Europe/Berlin] C:\xampp\moodledata/m_proctoring_uploads/attempt_603/screenshot/5f96e80b52cf3.png
[26-Oct-2020 16:15:41 Europe/Berlin] This is an error message!
[26-Oct-2020 16:15:41 Europe/Berlin] 2020-10-26_16:15:41
[26-Oct-2020 16:15:41 Europe/Berlin] C:\xampp\moodledata/m_proctoring_uploads/attempt_603/screenshot/5f96e81da6188.png
[26-Oct-2020 16:15:48 Europe/Berlin] This is an error message!
[26-Oct-2020 16:15:48 Europe/Berlin] 2020-10-26_16:15:48
[26-Oct-2020 16:15:48 Europe/Berlin] C:\xampp\moodledata/m_proctoring_uploads/attempt_603/screenshot/5f96e824cca42.png
[26-Oct-2020 16:15:55 Europe/Berlin] This is an error message!
[26-Oct-2020 16:15:55 Europe/Berlin] 2020-10-26_16:15:55
[26-Oct-2020 16:15:55 Europe/Berlin] C:\xampp\moodledata/m_proctoring_uploads/attempt_603/screenshot/5f96e82baa20a.png
[26-Oct-2020 16:16:02 Europe/Berlin] This is an error message!
[26-Oct-2020 16:16:02 Europe/Berlin] 2020-10-26_16:16:02
[26-Oct-2020 16:16:02 Europe/Berlin] C:\xampp\moodledata/m_proctoring_uploads/attempt_603/screenshot/5f96e832bd638.png
[26-Oct-2020 16:16:09 Europe/Berlin] This is an error message!
[26-Oct-2020 16:16:09 Europe/Berlin] 2020-10-26_16:16:09
[26-Oct-2020 16:16:09 Europe/Berlin] C:\xampp\moodledata/m_proctoring_uploads/attempt_603/screenshot/5f96e839b0f96.png
[26-Oct-2020 16:16:16 Europe/Berlin] This is an error message!
[26-Oct-2020 16:16:16 Europe/Berlin] 2020-10-26_16:16:16
[26-Oct-2020 16:16:16 Europe/Berlin] C:\xampp\moodledata/m_proctoring_uploads/attempt_603/screenshot/5f96e840b030c.png
[26-Oct-2020 16:16:23 Europe/Berlin] This is an error message!
[26-Oct-2020 16:16:23 Europe/Berlin] 2020-10-26_16:16:23
[26-Oct-2020 16:16:23 Europe/Berlin] C:\xampp\moodledata/m_proctoring_uploads/attempt_603/screenshot/5f96e847afb9f.png
[26-Oct-2020 16:16:30 Europe/Berlin] This is an error message!
[26-Oct-2020 16:16:30 Europe/Berlin] 2020-10-26_16:16:30
[26-Oct-2020 16:16:30 Europe/Berlin] C:\xampp\moodledata/m_proctoring_uploads/attempt_603/screenshot/5f96e84eba0a7.png
[26-Oct-2020 16:16:49 Europe/Berlin] This is an error message!
[26-Oct-2020 16:16:49 Europe/Berlin] 2020-10-26_16:16:49
[26-Oct-2020 16:16:49 Europe/Berlin] C:\xampp\moodledata/m_proctoring_uploads/attempt_603/screenshot/5f96e861ee6ee.png
[26-Oct-2020 16:17:12 Europe/Berlin] This is an error message!
[26-Oct-2020 16:17:12 Europe/Berlin] 2020-10-26_16:17:12
[26-Oct-2020 16:17:12 Europe/Berlin] C:\xampp\moodledata/m_proctoring_uploads/attempt_603/screenshot/5f96e87854d78.png
[26-Oct-2020 16:17:12 Europe/Berlin] This is an error message!
[26-Oct-2020 16:17:12 Europe/Berlin] 2020-10-26_16:17:12
[26-Oct-2020 16:17:12 Europe/Berlin] C:\xampp\moodledata/m_proctoring_uploads/attempt_603/screenshot/5f96e87869cc6.png
[26-Oct-2020 16:17:29 Europe/Berlin] This is an error message!
[26-Oct-2020 16:17:29 Europe/Berlin] 2020-10-26_16:17:29
[26-Oct-2020 16:17:29 Europe/Berlin] C:\xampp\moodledata/m_proctoring_uploads/attempt_603/screenshot/5f96e88971337.png
[26-Oct-2020 16:17:36 Europe/Berlin] This is an error message!
[26-Oct-2020 16:17:36 Europe/Berlin] 2020-10-26_16:17:36
[26-Oct-2020 16:17:36 Europe/Berlin] C:\xampp\moodledata/m_proctoring_uploads/attempt_603/screenshot/5f96e89058beb.png
[26-Oct-2020 16:17:43 Europe/Berlin] This is an error message!
[26-Oct-2020 16:17:43 Europe/Berlin] 2020-10-26_16:17:43
[26-Oct-2020 16:17:43 Europe/Berlin] C:\xampp\moodledata/m_proctoring_uploads/attempt_603/screenshot/5f96e89764685.png
[26-Oct-2020 16:17:50 Europe/Berlin] This is an error message!
[26-Oct-2020 16:17:50 Europe/Berlin] 2020-10-26_16:17:50
[26-Oct-2020 16:17:50 Europe/Berlin] C:\xampp\moodledata/m_proctoring_uploads/attempt_603/screenshot/5f96e89ebe3fc.png
[26-Oct-2020 16:18:04 Europe/Berlin] This is an error message!
[26-Oct-2020 16:18:04 Europe/Berlin] 2020-10-26_16:18:04
[26-Oct-2020 16:18:04 Europe/Berlin] C:\xampp\moodledata/m_proctoring_uploads/attempt_603/screenshot/5f96e8ac0d8c9.png
[26-Oct-2020 16:18:16 Europe/Berlin] This is an error message!
[26-Oct-2020 16:18:16 Europe/Berlin] 2020-10-26_16:18:16
[26-Oct-2020 16:18:16 Europe/Berlin] C:\xampp\moodledata/m_proctoring_uploads/attempt_603/screenshot/5f96e8b8b2955.png
[26-Oct-2020 16:18:39 Europe/Berlin] This is an error message!
[26-Oct-2020 16:18:39 Europe/Berlin] 2020-10-26_16:18:39
[26-Oct-2020 16:18:39 Europe/Berlin] C:\xampp\moodledata/m_proctoring_uploads/attempt_603/screenshot/5f96e8cfb594a.png
[26-Oct-2020 16:19:02 Europe/Berlin] This is an error message!
[26-Oct-2020 16:19:02 Europe/Berlin] 2020-10-26_16:19:02
[26-Oct-2020 16:19:02 Europe/Berlin] C:\xampp\moodledata/m_proctoring_uploads/attempt_603/screenshot/5f96e8e6658fb.png
[26-Oct-2020 16:19:02 Europe/Berlin] This is an error message!
[26-Oct-2020 16:19:02 Europe/Berlin] 2020-10-26_16:19:02
[26-Oct-2020 16:19:02 Europe/Berlin] C:\xampp\moodledata/m_proctoring_uploads/attempt_603/screenshot/5f96e8e678354.png
[26-Oct-2020 16:19:16 Europe/Berlin] This is an error message!
[26-Oct-2020 16:19:16 Europe/Berlin] 2020-10-26_16:19:16
[26-Oct-2020 16:19:16 Europe/Berlin] C:\xampp\moodledata/m_proctoring_uploads/attempt_603/screenshot/5f96e8f462aaa.png
[26-Oct-2020 16:19:28 Europe/Berlin] This is an error message!
[26-Oct-2020 16:19:28 Europe/Berlin] 2020-10-26_16:19:28
[26-Oct-2020 16:19:28 Europe/Berlin] C:\xampp\moodledata/m_proctoring_uploads/attempt_603/screenshot/5f96e900eaa66.png
[27-Oct-2020 06:07:19 Europe/Berlin] This is an error message!
[27-Oct-2020 06:14:53 Europe/Berlin] This is an error message!
[27-Oct-2020 06:17:25 Europe/Berlin] This is an error message!
[27-Oct-2020 06:17:25 Europe/Berlin] 2020-10-27_06:17:25
[27-Oct-2020 06:17:25 Europe/Berlin] C:\xampp\moodledata/m_proctoring_uploads/attempt_604/screenshot/5f97ad65878ae.png
[27-Oct-2020 06:17:32 Europe/Berlin] This is an error message!
[27-Oct-2020 06:17:32 Europe/Berlin] 2020-10-27_06:17:32
[27-Oct-2020 06:17:32 Europe/Berlin] C:\xampp\moodledata/m_proctoring_uploads/attempt_604/screenshot/5f97ad6c7c924.png
[27-Oct-2020 06:18:03 Europe/Berlin] This is an error message!
[27-Oct-2020 06:18:03 Europe/Berlin] 2020-10-27_06:18:03
[27-Oct-2020 06:18:03 Europe/Berlin] C:\xampp\moodledata/m_proctoring_uploads/attempt_604/screenshot/5f97ad8b4a0c8.png
[27-Oct-2020 06:19:51 Europe/Berlin] This is an error message!
[27-Oct-2020 06:19:51 Europe/Berlin] 2020-10-27_06:19:51
[27-Oct-2020 06:19:51 Europe/Berlin] C:\xampp\moodledata/m_proctoring_uploads/attempt_604/screenshot/5f97adf7eef3e.png
[27-Oct-2020 06:21:35 Europe/Berlin] This is an error message!
[27-Oct-2020 06:21:35 Europe/Berlin] 2020-10-27_06:21:35
[27-Oct-2020 06:21:35 Europe/Berlin] C:\xampp\moodledata/m_proctoring_uploads/attempt_604/screenshot/5f97ae5f3f2f8.png
[27-Oct-2020 06:32:32 Europe/Berlin] This is an error message!
[27-Oct-2020 06:33:12 Europe/Berlin] This is an error message!
[27-Oct-2020 06:33:12 Europe/Berlin] 2020-10-27_06:33:12
[27-Oct-2020 06:33:12 Europe/Berlin] C:\xampp\moodledata/m_proctoring_uploads/attempt_605/screenshot/5f97b11851f2f.png
[27-Oct-2020 06:33:19 Europe/Berlin] This is an error message!
[27-Oct-2020 06:33:19 Europe/Berlin] 2020-10-27_06:33:19
[27-Oct-2020 06:33:19 Europe/Berlin] C:\xampp\moodledata/m_proctoring_uploads/attempt_605/screenshot/5f97b11f52272.png
[27-Oct-2020 06:33:26 Europe/Berlin] This is an error message!
[27-Oct-2020 06:33:26 Europe/Berlin] 2020-10-27_06:33:26
[27-Oct-2020 06:33:26 Europe/Berlin] C:\xampp\moodledata/m_proctoring_uploads/attempt_605/screenshot/5f97b1264ead9.png
[27-Oct-2020 06:33:33 Europe/Berlin] This is an error message!
[27-Oct-2020 06:33:33 Europe/Berlin] 2020-10-27_06:33:33
[27-Oct-2020 06:33:33 Europe/Berlin] C:\xampp\moodledata/m_proctoring_uploads/attempt_605/screenshot/5f97b12d4fe68.png
[27-Oct-2020 06:33:40 Europe/Berlin] This is an error message!
[27-Oct-2020 06:33:40 Europe/Berlin] 2020-10-27_06:33:40
[27-Oct-2020 06:33:40 Europe/Berlin] C:\xampp\moodledata/m_proctoring_uploads/attempt_605/screenshot/5f97b13454a11.png
[27-Oct-2020 06:33:47 Europe/Berlin] This is an error message!
[27-Oct-2020 06:33:47 Europe/Berlin] 2020-10-27_06:33:47
[27-Oct-2020 06:33:47 Europe/Berlin] C:\xampp\moodledata/m_proctoring_uploads/attempt_605/screenshot/5f97b13b59aa5.png
[27-Oct-2020 06:38:05 Europe/Berlin] This is an error message!
[27-Oct-2020 06:38:05 Europe/Berlin] 2020-10-27_06:38:05
[27-Oct-2020 06:38:05 Europe/Berlin] C:\xampp\moodledata/m_proctoring_uploads/attempt_605/screenshot/5f97b23db7ccd.png
[27-Oct-2020 07:32:28 Europe/Berlin] This is an error message!
[27-Oct-2020 07:32:50 Europe/Berlin] This is an error message!
[27-Oct-2020 07:32:50 Europe/Berlin] 2020-10-27_07:32:50
[27-Oct-2020 07:32:50 Europe/Berlin] C:\xampp\moodledata/m_proctoring_uploads/attempt_606/screenshot/5f97bf12efa7d.png
[27-Oct-2020 07:32:57 Europe/Berlin] This is an error message!
[27-Oct-2020 07:32:57 Europe/Berlin] 2020-10-27_07:32:57
[27-Oct-2020 07:32:57 Europe/Berlin] C:\xampp\moodledata/m_proctoring_uploads/attempt_606/screenshot/5f97bf19ecdf8.png
[27-Oct-2020 07:33:04 Europe/Berlin] This is an error message!
[27-Oct-2020 07:33:04 Europe/Berlin] 2020-10-27_07:33:04
[27-Oct-2020 07:33:04 Europe/Berlin] C:\xampp\moodledata/m_proctoring_uploads/attempt_606/screenshot/5f97bf20ea3c6.png
[27-Oct-2020 07:33:11 Europe/Berlin] This is an error message!
[27-Oct-2020 07:33:11 Europe/Berlin] 2020-10-27_07:33:11
[27-Oct-2020 07:33:11 Europe/Berlin] C:\xampp\moodledata/m_proctoring_uploads/attempt_606/screenshot/5f97bf27e86a1.png
[27-Oct-2020 07:33:18 Europe/Berlin] This is an error message!
[27-Oct-2020 07:33:18 Europe/Berlin] 2020-10-27_07:33:18
[27-Oct-2020 07:33:18 Europe/Berlin] C:\xampp\moodledata/m_proctoring_uploads/attempt_606/screenshot/5f97bf2eee24f.png
[27-Oct-2020 07:33:25 Europe/Berlin] This is an error message!
[27-Oct-2020 07:33:25 Europe/Berlin] 2020-10-27_07:33:25
[27-Oct-2020 07:33:25 Europe/Berlin] C:\xampp\moodledata/m_proctoring_uploads/attempt_606/screenshot/5f97bf35edb9a.png
[27-Oct-2020 07:33:36 Europe/Berlin] This is an error message!
[27-Oct-2020 07:33:36 Europe/Berlin] 2020-10-27_07:33:36
[27-Oct-2020 07:33:36 Europe/Berlin] C:\xampp\moodledata/m_proctoring_uploads/attempt_606/screenshot/5f97bf402d957.png
[27-Oct-2020 07:33:43 Europe/Berlin] This is an error message!
[27-Oct-2020 07:33:43 Europe/Berlin] 2020-10-27_07:33:43
[27-Oct-2020 07:33:43 Europe/Berlin] C:\xampp\moodledata/m_proctoring_uploads/attempt_606/screenshot/5f97bf4729055.png
[27-Oct-2020 07:34:05 Europe/Berlin] This is an error message!
[27-Oct-2020 07:34:05 Europe/Berlin] 2020-10-27_07:34:05
[27-Oct-2020 07:34:05 Europe/Berlin] C:\xampp\moodledata/m_proctoring_uploads/attempt_606/screenshot/5f97bf5d76847.png
[27-Oct-2020 07:35:18 Europe/Berlin] This is an error message!
[27-Oct-2020 07:35:18 Europe/Berlin] 2020-10-27_07:35:18
[27-Oct-2020 07:35:18 Europe/Berlin] C:\xampp\moodledata/m_proctoring_uploads/attempt_606/screenshot/5f97bfa6bcf6a.png
[27-Oct-2020 07:42:22 Europe/Berlin] This is an error message!
[27-Oct-2020 07:42:42 Europe/Berlin] This is an error message!
[27-Oct-2020 07:42:42 Europe/Berlin] 2020-10-27_07:42:42
[27-Oct-2020 07:42:42 Europe/Berlin] C:\xampp\moodledata/m_proctoring_uploads/attempt_607/screenshot/5f97c16214ed0.png
[27-Oct-2020 07:42:49 Europe/Berlin] This is an error message!
[27-Oct-2020 07:42:49 Europe/Berlin] 2020-10-27_07:42:49
[27-Oct-2020 07:42:49 Europe/Berlin] C:\xampp\moodledata/m_proctoring_uploads/attempt_607/screenshot/5f97c169121c1.png
[27-Oct-2020 07:42:56 Europe/Berlin] This is an error message!
[27-Oct-2020 07:42:56 Europe/Berlin] 2020-10-27_07:42:56
[27-Oct-2020 07:42:56 Europe/Berlin] C:\xampp\moodledata/m_proctoring_uploads/attempt_607/screenshot/5f97c1700d09c.png
[27-Oct-2020 07:43:03 Europe/Berlin] This is an error message!
[27-Oct-2020 07:43:03 Europe/Berlin] 2020-10-27_07:43:03
[27-Oct-2020 07:43:03 Europe/Berlin] C:\xampp\moodledata/m_proctoring_uploads/attempt_607/screenshot/5f97c17711474.png
[27-Oct-2020 07:43:10 Europe/Berlin] This is an error message!
[27-Oct-2020 07:43:10 Europe/Berlin] 2020-10-27_07:43:10
[27-Oct-2020 07:43:10 Europe/Berlin] C:\xampp\moodledata/m_proctoring_uploads/attempt_607/screenshot/5f97c17e11047.png
[27-Oct-2020 07:43:17 Europe/Berlin] This is an error message!
[27-Oct-2020 07:43:17 Europe/Berlin] 2020-10-27_07:43:17
[27-Oct-2020 07:43:17 Europe/Berlin] C:\xampp\moodledata/m_proctoring_uploads/attempt_607/screenshot/5f97c18511031.png
[27-Oct-2020 07:43:24 Europe/Berlin] This is an error message!
[27-Oct-2020 07:43:24 Europe/Berlin] 2020-10-27_07:43:24
[27-Oct-2020 07:43:24 Europe/Berlin] C:\xampp\moodledata/m_proctoring_uploads/attempt_607/screenshot/5f97c18c1351d.png
[27-Oct-2020 07:43:31 Europe/Berlin] This is an error message!
[27-Oct-2020 07:43:31 Europe/Berlin] 2020-10-27_07:43:31
[27-Oct-2020 07:43:31 Europe/Berlin] C:\xampp\moodledata/m_proctoring_uploads/attempt_607/screenshot/5f97c193119f4.png
[27-Oct-2020 07:43:38 Europe/Berlin] This is an error message!
[27-Oct-2020 07:43:38 Europe/Berlin] 2020-10-27_07:43:38
[27-Oct-2020 07:43:38 Europe/Berlin] C:\xampp\moodledata/m_proctoring_uploads/attempt_607/screenshot/5f97c19a10cab.png
[27-Oct-2020 07:43:45 Europe/Berlin] This is an error message!
[27-Oct-2020 07:43:45 Europe/Berlin] 2020-10-27_07:43:45
[27-Oct-2020 07:43:45 Europe/Berlin] C:\xampp\moodledata/m_proctoring_uploads/attempt_607/screenshot/5f97c1a10fd76.png
[27-Oct-2020 07:43:52 Europe/Berlin] This is an error message!
[27-Oct-2020 07:43:52 Europe/Berlin] 2020-10-27_07:43:52
[27-Oct-2020 07:43:52 Europe/Berlin] C:\xampp\moodledata/m_proctoring_uploads/attempt_607/screenshot/5f97c1a811cd0.png
[27-Oct-2020 07:43:59 Europe/Berlin] This is an error message!
[27-Oct-2020 07:43:59 Europe/Berlin] 2020-10-27_07:43:59
[27-Oct-2020 07:43:59 Europe/Berlin] C:\xampp\moodledata/m_proctoring_uploads/attempt_607/screenshot/5f97c1af130e8.png
[27-Oct-2020 07:44:06 Europe/Berlin] This is an error message!
[27-Oct-2020 07:44:06 Europe/Berlin] 2020-10-27_07:44:06
[27-Oct-2020 07:44:06 Europe/Berlin] C:\xampp\moodledata/m_proctoring_uploads/attempt_607/screenshot/5f97c1b60f3a5.png
[27-Oct-2020 07:44:13 Europe/Berlin] This is an error message!
[27-Oct-2020 07:44:13 Europe/Berlin] 2020-10-27_07:44:13
[27-Oct-2020 07:44:13 Europe/Berlin] C:\xampp\moodledata/m_proctoring_uploads/attempt_607/screenshot/5f97c1bde091f.png
[27-Oct-2020 07:44:20 Europe/Berlin] This is an error message!
[27-Oct-2020 07:44:20 Europe/Berlin] 2020-10-27_07:44:20
[27-Oct-2020 07:44:20 Europe/Berlin] C:\xampp\moodledata/m_proctoring_uploads/attempt_607/screenshot/5f97c1c4dbe8c.png
[27-Oct-2020 07:44:27 Europe/Berlin] This is an error message!
[27-Oct-2020 07:44:27 Europe/Berlin] 2020-10-27_07:44:27
[27-Oct-2020 07:44:27 Europe/Berlin] C:\xampp\moodledata/m_proctoring_uploads/attempt_607/screenshot/5f97c1cbdf4ec.png
[27-Oct-2020 07:44:34 Europe/Berlin] This is an error message!
[27-Oct-2020 07:44:34 Europe/Berlin] 2020-10-27_07:44:34
[27-Oct-2020 07:44:34 Europe/Berlin] C:\xampp\moodledata/m_proctoring_uploads/attempt_607/screenshot/5f97c1d2de69b.png
[27-Oct-2020 07:44:41 Europe/Berlin] This is an error message!
[27-Oct-2020 07:44:41 Europe/Berlin] 2020-10-27_07:44:41
[27-Oct-2020 07:44:41 Europe/Berlin] C:\xampp\moodledata/m_proctoring_uploads/attempt_607/screenshot/5f97c1d9dc1d5.png
[27-Oct-2020 07:44:59 Europe/Berlin] This is an error message!
[27-Oct-2020 07:45:00 Europe/Berlin] 2020-10-27_07:45:00
[27-Oct-2020 07:45:00 Europe/Berlin] C:\xampp\moodledata/m_proctoring_uploads/attempt_607/screenshot/5f97c1ec02e77.png
[27-Oct-2020 07:45:00 Europe/Berlin] This is an error message!
[27-Oct-2020 07:45:00 Europe/Berlin] 2020-10-27_07:45:00
[27-Oct-2020 07:45:00 Europe/Berlin] C:\xampp\moodledata/m_proctoring_uploads/attempt_607/screenshot/5f97c1ec0ca9b.png
[27-Oct-2020 09:17:15 Europe/Berlin] This is an error message!
[27-Oct-2020 09:18:04 Europe/Berlin] This is an error message!
[27-Oct-2020 09:18:04 Europe/Berlin] 2020-10-27_09:18:04
[27-Oct-2020 09:18:04 Europe/Berlin] C:\xampp\moodledata/m_proctoring_uploads/attempt_608/screenshot/5f97d7bc5cdac.png
[27-Oct-2020 09:20:19 Europe/Berlin] This is an error message!
[27-Oct-2020 09:20:19 Europe/Berlin] 2020-10-27_09:20:19
[27-Oct-2020 09:20:19 Europe/Berlin] C:\xampp\moodledata/m_proctoring_uploads/attempt_608/screenshot/5f97d843528ce.png
[27-Oct-2020 09:20:25 Europe/Berlin] This is an error message!
[27-Oct-2020 09:20:25 Europe/Berlin] 2020-10-27_09:20:25
[27-Oct-2020 09:20:25 Europe/Berlin] C:\xampp\moodledata/m_proctoring_uploads/attempt_608/screenshot/5f97d849d63e9.png
[27-Oct-2020 09:20:32 Europe/Berlin] This is an error message!
[27-Oct-2020 09:20:32 Europe/Berlin] 2020-10-27_09:20:32
[27-Oct-2020 09:20:32 Europe/Berlin] C:\xampp\moodledata/m_proctoring_uploads/attempt_608/screenshot/5f97d850cefbe.png
[27-Oct-2020 09:21:18 Europe/Berlin] This is an error message!
[27-Oct-2020 09:21:18 Europe/Berlin] 2020-10-27_09:21:18
[27-Oct-2020 09:21:18 Europe/Berlin] C:\xampp\moodledata/m_proctoring_uploads/attempt_608/screenshot/5f97d87e59c75.png
[27-Oct-2020 09:25:50 Europe/Berlin] This is an error message!
[27-Oct-2020 09:26:41 Europe/Berlin] This is an error message!
[27-Oct-2020 09:26:41 Europe/Berlin] 2020-10-27_09:26:41
[27-Oct-2020 09:26:41 Europe/Berlin] C:\xampp\moodledata/m_proctoring_uploads/attempt_609/screenshot/5f97d9c1a049b.png
[27-Oct-2020 09:26:48 Europe/Berlin] This is an error message!
[27-Oct-2020 09:26:48 Europe/Berlin] 2020-10-27_09:26:48
[27-Oct-2020 09:26:48 Europe/Berlin] C:\xampp\moodledata/m_proctoring_uploads/attempt_609/screenshot/5f97d9c89d794.png
[27-Oct-2020 09:26:55 Europe/Berlin] This is an error message!
[27-Oct-2020 09:26:55 Europe/Berlin] 2020-10-27_09:26:55
[27-Oct-2020 09:26:55 Europe/Berlin] C:\xampp\moodledata/m_proctoring_uploads/attempt_609/screenshot/5f97d9cf9b8b0.png
[27-Oct-2020 09:27:35 Europe/Berlin] This is an error message!
[27-Oct-2020 09:27:35 Europe/Berlin] 2020-10-27_09:27:35
[27-Oct-2020 09:27:35 Europe/Berlin] C:\xampp\moodledata/m_proctoring_uploads/attempt_609/screenshot/5f97d9f70753b.png
[27-Oct-2020 09:27:41 Europe/Berlin] This is an error message!
[27-Oct-2020 09:27:41 Europe/Berlin] 2020-10-27_09:27:41
[27-Oct-2020 09:27:41 Europe/Berlin] C:\xampp\moodledata/m_proctoring_uploads/attempt_609/screenshot/5f97d9fd6725d.png
[27-Oct-2020 09:27:48 Europe/Berlin] This is an error message!
[27-Oct-2020 09:27:48 Europe/Berlin] 2020-10-27_09:27:48
[27-Oct-2020 09:27:48 Europe/Berlin] C:\xampp\moodledata/m_proctoring_uploads/attempt_609/screenshot/5f97da046b620.png
[27-Oct-2020 09:27:55 Europe/Berlin] This is an error message!
[27-Oct-2020 09:27:55 Europe/Berlin] 2020-10-27_09:27:55
[27-Oct-2020 09:27:55 Europe/Berlin] C:\xampp\moodledata/m_proctoring_uploads/attempt_609/screenshot/5f97da0b69667.png
[27-Oct-2020 09:28:02 Europe/Berlin] This is an error message!
[27-Oct-2020 09:28:02 Europe/Berlin] 2020-10-27_09:28:02
[27-Oct-2020 09:28:02 Europe/Berlin] C:\xampp\moodledata/m_proctoring_uploads/attempt_609/screenshot/5f97da126a209.png
[27-Oct-2020 09:28:09 Europe/Berlin] This is an error message!
[27-Oct-2020 09:28:09 Europe/Berlin] 2020-10-27_09:28:09
[27-Oct-2020 09:28:09 Europe/Berlin] C:\xampp\moodledata/m_proctoring_uploads/attempt_609/screenshot/5f97da1967ea9.png
[27-Oct-2020 09:28:16 Europe/Berlin] This is an error message!
[27-Oct-2020 09:28:16 Europe/Berlin] 2020-10-27_09:28:16
[27-Oct-2020 09:28:16 Europe/Berlin] C:\xampp\moodledata/m_proctoring_uploads/attempt_609/screenshot/5f97da207d3d1.png
[27-Oct-2020 09:28:23 Europe/Berlin] This is an error message!
[27-Oct-2020 09:28:23 Europe/Berlin] 2020-10-27_09:28:23
[27-Oct-2020 09:28:23 Europe/Berlin] C:\xampp\moodledata/m_proctoring_uploads/attempt_609/screenshot/5f97da277324b.png
[27-Oct-2020 09:28:30 Europe/Berlin] This is an error message!
[27-Oct-2020 09:28:30 Europe/Berlin] 2020-10-27_09:28:30
[27-Oct-2020 09:28:30 Europe/Berlin] C:\xampp\moodledata/m_proctoring_uploads/attempt_609/screenshot/5f97da2e7221c.png
[27-Oct-2020 09:28:37 Europe/Berlin] This is an error message!
[27-Oct-2020 09:28:37 Europe/Berlin] 2020-10-27_09:28:37
[27-Oct-2020 09:28:37 Europe/Berlin] C:\xampp\moodledata/m_proctoring_uploads/attempt_609/screenshot/5f97da3574b79.png
[27-Oct-2020 09:28:54 Europe/Berlin] This is an error message!
[27-Oct-2020 09:28:54 Europe/Berlin] 2020-10-27_09:28:54
[27-Oct-2020 09:28:54 Europe/Berlin] C:\xampp\moodledata/m_proctoring_uploads/attempt_609/screenshot/5f97da464acaf.png
[27-Oct-2020 09:29:08 Europe/Berlin] This is an error message!
[27-Oct-2020 09:29:08 Europe/Berlin] 2020-10-27_09:29:08
[27-Oct-2020 09:29:08 Europe/Berlin] C:\xampp\moodledata/m_proctoring_uploads/attempt_609/screenshot/5f97da54e33a2.png
[27-Oct-2020 09:29:14 Europe/Berlin] This is an error message!
[27-Oct-2020 09:29:14 Europe/Berlin] 2020-10-27_09:29:14
[27-Oct-2020 09:29:14 Europe/Berlin] C:\xampp\moodledata/m_proctoring_uploads/attempt_609/screenshot/5f97da5ae7114.png
[27-Oct-2020 09:29:21 Europe/Berlin] This is an error message!
[27-Oct-2020 09:29:21 Europe/Berlin] 2020-10-27_09:29:21
[27-Oct-2020 09:29:21 Europe/Berlin] C:\xampp\moodledata/m_proctoring_uploads/attempt_609/screenshot/5f97da61e718a.png
[27-Oct-2020 09:29:28 Europe/Berlin] This is an error message!
[27-Oct-2020 09:29:28 Europe/Berlin] 2020-10-27_09:29:28
[27-Oct-2020 09:29:29 Europe/Berlin] C:\xampp\moodledata/m_proctoring_uploads/attempt_609/screenshot/5f97da68f38ef.png
[27-Oct-2020 09:29:35 Europe/Berlin] This is an error message!
[27-Oct-2020 09:29:35 Europe/Berlin] 2020-10-27_09:29:35
[27-Oct-2020 09:29:35 Europe/Berlin] C:\xampp\moodledata/m_proctoring_uploads/attempt_609/screenshot/5f97da6fee54c.png
[27-Oct-2020 09:29:42 Europe/Berlin] This is an error message!
[27-Oct-2020 09:29:42 Europe/Berlin] 2020-10-27_09:29:42
[27-Oct-2020 09:29:42 Europe/Berlin] C:\xampp\moodledata/m_proctoring_uploads/attempt_609/screenshot/5f97da76e6a6f.png
[27-Oct-2020 09:29:49 Europe/Berlin] This is an error message!
[27-Oct-2020 09:29:49 Europe/Berlin] 2020-10-27_09:29:49
[27-Oct-2020 09:29:49 Europe/Berlin] C:\xampp\moodledata/m_proctoring_uploads/attempt_609/screenshot/5f97da7de7fa6.png
[27-Oct-2020 09:29:57 Europe/Berlin] This is an error message!
[27-Oct-2020 09:29:57 Europe/Berlin] 2020-10-27_09:29:57
[27-Oct-2020 09:29:57 Europe/Berlin] C:\xampp\moodledata/m_proctoring_uploads/attempt_609/screenshot/5f97da8508696.png
[27-Oct-2020 09:30:03 Europe/Berlin] This is an error message!
[27-Oct-2020 09:30:03 Europe/Berlin] 2020-10-27_09:30:03
[27-Oct-2020 09:30:04 Europe/Berlin] C:\xampp\moodledata/m_proctoring_uploads/attempt_609/screenshot/5f97da8c00db1.png
[27-Oct-2020 09:30:10 Europe/Berlin] This is an error message!
[27-Oct-2020 09:30:10 Europe/Berlin] 2020-10-27_09:30:10
[27-Oct-2020 09:30:10 Europe/Berlin] C:\xampp\moodledata/m_proctoring_uploads/attempt_609/screenshot/5f97da92ede7b.png
[27-Oct-2020 09:30:17 Europe/Berlin] This is an error message!
[27-Oct-2020 09:30:17 Europe/Berlin] 2020-10-27_09:30:17
[27-Oct-2020 09:30:17 Europe/Berlin] C:\xampp\moodledata/m_proctoring_uploads/attempt_609/screenshot/5f97da99e6caa.png
[27-Oct-2020 09:30:24 Europe/Berlin] This is an error message!
[27-Oct-2020 09:30:24 Europe/Berlin] 2020-10-27_09:30:24
[27-Oct-2020 09:30:24 Europe/Berlin] C:\xampp\moodledata/m_proctoring_uploads/attempt_609/screenshot/5f97daa0e76a1.png
[27-Oct-2020 09:30:31 Europe/Berlin] This is an error message!
[27-Oct-2020 09:30:31 Europe/Berlin] 2020-10-27_09:30:31
[27-Oct-2020 09:30:31 Europe/Berlin] C:\xampp\moodledata/m_proctoring_uploads/attempt_609/screenshot/5f97daa7ea3e8.png
[27-Oct-2020 09:30:38 Europe/Berlin] This is an error message!
[27-Oct-2020 09:30:38 Europe/Berlin] 2020-10-27_09:30:38
[27-Oct-2020 09:30:38 Europe/Berlin] C:\xampp\moodledata/m_proctoring_uploads/attempt_609/screenshot/5f97daaeedbc9.png
[27-Oct-2020 09:30:45 Europe/Berlin] This is an error message!
[27-Oct-2020 09:30:45 Europe/Berlin] 2020-10-27_09:30:45
[27-Oct-2020 09:30:45 Europe/Berlin] C:\xampp\moodledata/m_proctoring_uploads/attempt_609/screenshot/5f97dab5e6fa7.png
[27-Oct-2020 09:31:34 Europe/Berlin] This is an error message!
[27-Oct-2020 09:31:54 Europe/Berlin] This is an error message!
[27-Oct-2020 09:31:54 Europe/Berlin] 2020-10-27_09:31:54
[27-Oct-2020 09:31:54 Europe/Berlin] C:\xampp\moodledata/m_proctoring_uploads/attempt_610/screenshot/5f97dafa75fea.png
[27-Oct-2020 09:32:01 Europe/Berlin] This is an error message!
[27-Oct-2020 09:32:01 Europe/Berlin] 2020-10-27_09:32:01
[27-Oct-2020 09:32:01 Europe/Berlin] C:\xampp\moodledata/m_proctoring_uploads/attempt_610/screenshot/5f97db017bc97.png
[27-Oct-2020 09:32:08 Europe/Berlin] This is an error message!
[27-Oct-2020 09:32:08 Europe/Berlin] 2020-10-27_09:32:08
[27-Oct-2020 09:32:08 Europe/Berlin] C:\xampp\moodledata/m_proctoring_uploads/attempt_610/screenshot/5f97db087be51.png
[27-Oct-2020 09:32:15 Europe/Berlin] This is an error message!
[27-Oct-2020 09:32:15 Europe/Berlin] 2020-10-27_09:32:15
[27-Oct-2020 09:32:15 Europe/Berlin] C:\xampp\moodledata/m_proctoring_uploads/attempt_610/screenshot/5f97db0f78a86.png
[27-Oct-2020 09:32:22 Europe/Berlin] This is an error message!
[27-Oct-2020 09:32:22 Europe/Berlin] 2020-10-27_09:32:22
[27-Oct-2020 09:32:22 Europe/Berlin] C:\xampp\moodledata/m_proctoring_uploads/attempt_610/screenshot/5f97db16798da.png
[27-Oct-2020 09:32:29 Europe/Berlin] This is an error message!
[27-Oct-2020 09:32:29 Europe/Berlin] 2020-10-27_09:32:29
[27-Oct-2020 09:32:29 Europe/Berlin] C:\xampp\moodledata/m_proctoring_uploads/attempt_610/screenshot/5f97db1d77ee1.png
[27-Oct-2020 09:32:36 Europe/Berlin] This is an error message!
[27-Oct-2020 09:32:36 Europe/Berlin] 2020-10-27_09:32:36
[27-Oct-2020 09:32:36 Europe/Berlin] C:\xampp\moodledata/m_proctoring_uploads/attempt_610/screenshot/5f97db2475072.png
[27-Oct-2020 09:32:43 Europe/Berlin] This is an error message!
[27-Oct-2020 09:32:43 Europe/Berlin] 2020-10-27_09:32:43
[27-Oct-2020 09:32:43 Europe/Berlin] C:\xampp\moodledata/m_proctoring_uploads/attempt_610/screenshot/5f97db2b7a55e.png
[27-Oct-2020 09:32:50 Europe/Berlin] This is an error message!
[27-Oct-2020 09:32:50 Europe/Berlin] 2020-10-27_09:32:50
[27-Oct-2020 09:32:50 Europe/Berlin] C:\xampp\moodledata/m_proctoring_uploads/attempt_610/screenshot/5f97db3277bcc.png
[27-Oct-2020 09:32:57 Europe/Berlin] This is an error message!
[27-Oct-2020 09:32:57 Europe/Berlin] 2020-10-27_09:32:57
[27-Oct-2020 09:32:57 Europe/Berlin] C:\xampp\moodledata/m_proctoring_uploads/attempt_610/screenshot/5f97db39f1956.png
[27-Oct-2020 09:33:04 Europe/Berlin] This is an error message!
[27-Oct-2020 09:33:04 Europe/Berlin] 2020-10-27_09:33:04
[27-Oct-2020 09:33:05 Europe/Berlin] C:\xampp\moodledata/m_proctoring_uploads/attempt_610/screenshot/5f97db410208a.png
[27-Oct-2020 09:33:11 Europe/Berlin] This is an error message!
[27-Oct-2020 09:33:11 Europe/Berlin] 2020-10-27_09:33:11
[27-Oct-2020 09:33:11 Europe/Berlin] C:\xampp\moodledata/m_proctoring_uploads/attempt_610/screenshot/5f97db47eb9bd.png
[27-Oct-2020 09:33:18 Europe/Berlin] This is an error message!
[27-Oct-2020 09:33:18 Europe/Berlin] 2020-10-27_09:33:18
[27-Oct-2020 09:33:18 Europe/Berlin] C:\xampp\moodledata/m_proctoring_uploads/attempt_610/screenshot/5f97db4eea5d0.png
[27-Oct-2020 09:33:26 Europe/Berlin] This is an error message!
[27-Oct-2020 09:33:26 Europe/Berlin] 2020-10-27_09:33:26
[27-Oct-2020 09:33:26 Europe/Berlin] C:\xampp\moodledata/m_proctoring_uploads/attempt_610/screenshot/5f97db561037b.png
[27-Oct-2020 09:33:57 Europe/Berlin] This is an error message!
[27-Oct-2020 09:34:21 Europe/Berlin] This is an error message!
[27-Oct-2020 09:34:21 Europe/Berlin] 2020-10-27_09:34:21
[27-Oct-2020 09:34:21 Europe/Berlin] C:\xampp\moodledata/m_proctoring_uploads/attempt_611/screenshot/5f97db8da8ad9.png
[27-Oct-2020 09:34:28 Europe/Berlin] This is an error message!
[27-Oct-2020 09:34:28 Europe/Berlin] 2020-10-27_09:34:28
[27-Oct-2020 09:34:28 Europe/Berlin] C:\xampp\moodledata/m_proctoring_uploads/attempt_611/screenshot/5f97db94a9251.png
[27-Oct-2020 09:34:35 Europe/Berlin] This is an error message!
[27-Oct-2020 09:34:35 Europe/Berlin] 2020-10-27_09:34:35
[27-Oct-2020 09:34:35 Europe/Berlin] C:\xampp\moodledata/m_proctoring_uploads/attempt_611/screenshot/5f97db9bb5466.png
[27-Oct-2020 09:34:42 Europe/Berlin] This is an error message!
[27-Oct-2020 09:34:42 Europe/Berlin] 2020-10-27_09:34:42
[27-Oct-2020 09:34:42 Europe/Berlin] C:\xampp\moodledata/m_proctoring_uploads/attempt_611/screenshot/5f97dba2a522e.png
[27-Oct-2020 09:34:49 Europe/Berlin] This is an error message!
[27-Oct-2020 09:34:49 Europe/Berlin] 2020-10-27_09:34:49
[27-Oct-2020 09:34:49 Europe/Berlin] C:\xampp\moodledata/m_proctoring_uploads/attempt_611/screenshot/5f97dba9eb1eb.png
[27-Oct-2020 09:34:56 Europe/Berlin] This is an error message!
[27-Oct-2020 09:34:56 Europe/Berlin] 2020-10-27_09:34:56
[27-Oct-2020 09:34:56 Europe/Berlin] C:\xampp\moodledata/m_proctoring_uploads/attempt_611/screenshot/5f97dbb0e7e24.png
[27-Oct-2020 09:35:03 Europe/Berlin] This is an error message!
[27-Oct-2020 09:35:03 Europe/Berlin] 2020-10-27_09:35:03
[27-Oct-2020 09:35:03 Europe/Berlin] C:\xampp\moodledata/m_proctoring_uploads/attempt_611/screenshot/5f97dbb7b48e4.png
[27-Oct-2020 09:36:06 Europe/Berlin] This is an error message!
[27-Oct-2020 09:39:10 Europe/Berlin] This is an error message!
[27-Oct-2020 09:39:32 Europe/Berlin] This is an error message!
[27-Oct-2020 09:39:32 Europe/Berlin] 2020-10-27_09:39:32
[27-Oct-2020 09:39:32 Europe/Berlin] C:\xampp\moodledata/m_proctoring_uploads/attempt_612/screenshot/5f97dcc4c5d2e.png
[27-Oct-2020 09:39:39 Europe/Berlin] This is an error message!
[27-Oct-2020 09:39:39 Europe/Berlin] 2020-10-27_09:39:39
[27-Oct-2020 09:39:39 Europe/Berlin] C:\xampp\moodledata/m_proctoring_uploads/attempt_612/screenshot/5f97dccbc2a7f.png
[27-Oct-2020 09:39:57 Europe/Berlin] This is an error message!
[27-Oct-2020 09:39:57 Europe/Berlin] 2020-10-27_09:39:57
[27-Oct-2020 09:39:57 Europe/Berlin] C:\xampp\moodledata/m_proctoring_uploads/attempt_612/screenshot/5f97dcddf0ba0.png
[27-Oct-2020 09:39:58 Europe/Berlin] This is an error message!
[27-Oct-2020 09:39:58 Europe/Berlin] 2020-10-27_09:39:58
[27-Oct-2020 09:39:58 Europe/Berlin] C:\xampp\moodledata/m_proctoring_uploads/attempt_612/screenshot/5f97dcde0a07b.png
[27-Oct-2020 09:40:00 Europe/Berlin] This is an error message!
[27-Oct-2020 09:40:00 Europe/Berlin] 2020-10-27_09:40:00
[27-Oct-2020 09:40:00 Europe/Berlin] C:\xampp\moodledata/m_proctoring_uploads/attempt_612/screenshot/5f97dce0c70a1.png
[27-Oct-2020 09:40:07 Europe/Berlin] This is an error message!
[27-Oct-2020 09:40:07 Europe/Berlin] 2020-10-27_09:40:07
[27-Oct-2020 09:40:07 Europe/Berlin] C:\xampp\moodledata/m_proctoring_uploads/attempt_612/screenshot/5f97dce7c616c.png
[27-Oct-2020 09:40:14 Europe/Berlin] This is an error message!
[27-Oct-2020 09:40:14 Europe/Berlin] 2020-10-27_09:40:14
[27-Oct-2020 09:40:14 Europe/Berlin] C:\xampp\moodledata/m_proctoring_uploads/attempt_612/screenshot/5f97dceec678b.png
[27-Oct-2020 09:40:21 Europe/Berlin] This is an error message!
[27-Oct-2020 09:40:21 Europe/Berlin] 2020-10-27_09:40:21
[27-Oct-2020 09:40:21 Europe/Berlin] C:\xampp\moodledata/m_proctoring_uploads/attempt_612/screenshot/5f97dcf5c63e0.png
[27-Oct-2020 09:40:28 Europe/Berlin] This is an error message!
[27-Oct-2020 09:40:28 Europe/Berlin] 2020-10-27_09:40:28
[27-Oct-2020 09:40:28 Europe/Berlin] C:\xampp\moodledata/m_proctoring_uploads/attempt_612/screenshot/5f97dcfcc8fc7.png
[27-Oct-2020 09:40:35 Europe/Berlin] This is an error message!
[27-Oct-2020 09:40:35 Europe/Berlin] 2020-10-27_09:40:35
[27-Oct-2020 09:40:35 Europe/Berlin] C:\xampp\moodledata/m_proctoring_uploads/attempt_612/screenshot/5f97dd03c7b65.png
[27-Oct-2020 09:40:42 Europe/Berlin] This is an error message!
[27-Oct-2020 09:40:42 Europe/Berlin] 2020-10-27_09:40:42
[27-Oct-2020 09:40:42 Europe/Berlin] C:\xampp\moodledata/m_proctoring_uploads/attempt_612/screenshot/5f97dd0ac7332.png
[27-Oct-2020 09:40:49 Europe/Berlin] This is an error message!
[27-Oct-2020 09:40:49 Europe/Berlin] 2020-10-27_09:40:49
[27-Oct-2020 09:40:49 Europe/Berlin] C:\xampp\moodledata/m_proctoring_uploads/attempt_612/screenshot/5f97dd11c832c.png
[27-Oct-2020 09:40:56 Europe/Berlin] This is an error message!
[27-Oct-2020 09:40:56 Europe/Berlin] 2020-10-27_09:40:56
[27-Oct-2020 09:40:56 Europe/Berlin] C:\xampp\moodledata/m_proctoring_uploads/attempt_612/screenshot/5f97dd18cc81a.png
[27-Oct-2020 09:41:03 Europe/Berlin] This is an error message!
[27-Oct-2020 09:41:03 Europe/Berlin] 2020-10-27_09:41:03
[27-Oct-2020 09:41:03 Europe/Berlin] C:\xampp\moodledata/m_proctoring_uploads/attempt_612/screenshot/5f97dd1fcb63f.png
[27-Oct-2020 09:41:10 Europe/Berlin] This is an error message!
[27-Oct-2020 09:41:10 Europe/Berlin] 2020-10-27_09:41:10
[27-Oct-2020 09:41:10 Europe/Berlin] C:\xampp\moodledata/m_proctoring_uploads/attempt_612/screenshot/5f97dd26c4dd6.png
[27-Oct-2020 09:41:17 Europe/Berlin] This is an error message!
[27-Oct-2020 09:41:17 Europe/Berlin] 2020-10-27_09:41:17
[27-Oct-2020 09:41:17 Europe/Berlin] C:\xampp\moodledata/m_proctoring_uploads/attempt_612/screenshot/5f97dd2dc296b.png
[27-Oct-2020 09:41:24 Europe/Berlin] This is an error message!
[27-Oct-2020 09:41:24 Europe/Berlin] 2020-10-27_09:41:24
[27-Oct-2020 09:41:24 Europe/Berlin] C:\xampp\moodledata/m_proctoring_uploads/attempt_612/screenshot/5f97dd34cb271.png
[27-Oct-2020 09:41:31 Europe/Berlin] This is an error message!
[27-Oct-2020 09:41:31 Europe/Berlin] 2020-10-27_09:41:31
[27-Oct-2020 09:41:31 Europe/Berlin] C:\xampp\moodledata/m_proctoring_uploads/attempt_612/screenshot/5f97dd3bc5143.png
[27-Oct-2020 09:41:38 Europe/Berlin] This is an error message!
[27-Oct-2020 09:41:38 Europe/Berlin] 2020-10-27_09:41:38
[27-Oct-2020 09:41:38 Europe/Berlin] C:\xampp\moodledata/m_proctoring_uploads/attempt_612/screenshot/5f97dd42c179b.png
[27-Oct-2020 09:41:45 Europe/Berlin] This is an error message!
[27-Oct-2020 09:41:45 Europe/Berlin] 2020-10-27_09:41:45
[27-Oct-2020 09:41:45 Europe/Berlin] C:\xampp\moodledata/m_proctoring_uploads/attempt_612/screenshot/5f97dd49bebb5.png
[27-Oct-2020 09:41:52 Europe/Berlin] This is an error message!
[27-Oct-2020 09:41:52 Europe/Berlin] 2020-10-27_09:41:52
[27-Oct-2020 09:41:52 Europe/Berlin] C:\xampp\moodledata/m_proctoring_uploads/attempt_612/screenshot/5f97dd50c2a0e.png
[27-Oct-2020 09:49:45 Europe/Berlin] This is an error message!
[27-Oct-2020 09:50:05 Europe/Berlin] This is an error message!
[27-Oct-2020 09:50:05 Europe/Berlin] 2020-10-27_09:50:05
[27-Oct-2020 09:50:05 Europe/Berlin] C:\xampp\moodledata/m_proctoring_uploads/attempt_613/screenshot/5f97df3da0ee1.png
[27-Oct-2020 09:50:12 Europe/Berlin] This is an error message!
[27-Oct-2020 09:50:12 Europe/Berlin] 2020-10-27_09:50:12
[27-Oct-2020 09:50:12 Europe/Berlin] C:\xampp\moodledata/m_proctoring_uploads/attempt_613/screenshot/5f97df44967f1.png
[27-Oct-2020 09:50:19 Europe/Berlin] This is an error message!
[27-Oct-2020 09:50:19 Europe/Berlin] 2020-10-27_09:50:19
[27-Oct-2020 09:50:19 Europe/Berlin] C:\xampp\moodledata/m_proctoring_uploads/attempt_613/screenshot/5f97df4ba03f7.png
[27-Oct-2020 09:50:26 Europe/Berlin] This is an error message!
[27-Oct-2020 09:50:26 Europe/Berlin] 2020-10-27_09:50:26
[27-Oct-2020 09:50:26 Europe/Berlin] C:\xampp\moodledata/m_proctoring_uploads/attempt_613/screenshot/5f97df52a3ec7.png
[27-Oct-2020 09:50:33 Europe/Berlin] This is an error message!
[27-Oct-2020 09:50:33 Europe/Berlin] 2020-10-27_09:50:33
[27-Oct-2020 09:50:33 Europe/Berlin] C:\xampp\moodledata/m_proctoring_uploads/attempt_613/screenshot/5f97df599642a.png
[27-Oct-2020 09:50:41 Europe/Berlin] This is an error message!
[27-Oct-2020 09:50:41 Europe/Berlin] 2020-10-27_09:50:41
[27-Oct-2020 09:50:41 Europe/Berlin] C:\xampp\moodledata/m_proctoring_uploads/attempt_613/screenshot/5f97df610961e.png
[27-Oct-2020 09:50:47 Europe/Berlin] This is an error message!
[27-Oct-2020 09:50:47 Europe/Berlin] 2020-10-27_09:50:47
[27-Oct-2020 09:50:47 Europe/Berlin] C:\xampp\moodledata/m_proctoring_uploads/attempt_613/screenshot/5f97df67a0f78.png
[27-Oct-2020 09:51:04 Europe/Berlin] This is an error message!
[27-Oct-2020 09:51:26 Europe/Berlin] This is an error message!
[27-Oct-2020 09:51:26 Europe/Berlin] 2020-10-27_09:51:26
[27-Oct-2020 09:51:26 Europe/Berlin] C:\xampp\moodledata/m_proctoring_uploads/attempt_614/screenshot/5f97df8e3b2fc.png
[27-Oct-2020 09:51:41 Europe/Berlin] This is an error message!
[27-Oct-2020 09:51:41 Europe/Berlin] 2020-10-27_09:51:41
[27-Oct-2020 09:51:41 Europe/Berlin] C:\xampp\moodledata/m_proctoring_uploads/attempt_614/screenshot/5f97df9d44140.png
[27-Oct-2020 09:51:41 Europe/Berlin] This is an error message!
[27-Oct-2020 09:51:41 Europe/Berlin] 2020-10-27_09:51:41
[27-Oct-2020 09:51:41 Europe/Berlin] C:\xampp\moodledata/m_proctoring_uploads/attempt_614/screenshot/5f97df9d50a15.png
[27-Oct-2020 09:51:47 Europe/Berlin] This is an error message!
[27-Oct-2020 09:51:47 Europe/Berlin] 2020-10-27_09:51:47
[27-Oct-2020 09:51:47 Europe/Berlin] C:\xampp\moodledata/m_proctoring_uploads/attempt_614/screenshot/5f97dfa33a947.png
[27-Oct-2020 12:45:04 Europe/Berlin] This is an error message!
[27-Oct-2020 12:45:27 Europe/Berlin] This is an error message!
[27-Oct-2020 12:45:27 Europe/Berlin] 2020-10-27_12:45:27
[27-Oct-2020 12:45:27 Europe/Berlin] C:\xampp\moodledata/m_proctoring_uploads/attempt_615/screenshot/5f9808577b33a.png
[27-Oct-2020 12:46:34 Europe/Berlin] This is an error message!
[27-Oct-2020 12:46:34 Europe/Berlin] 2020-10-27_12:46:34
[27-Oct-2020 12:46:34 Europe/Berlin] C:\xampp\moodledata/m_proctoring_uploads/attempt_615/screenshot/5f98089aa8dc3.png
[27-Oct-2020 12:46:50 Europe/Berlin] This is an error message!
[27-Oct-2020 12:46:50 Europe/Berlin] 2020-10-27_12:46:50
[27-Oct-2020 12:46:50 Europe/Berlin] C:\xampp\moodledata/m_proctoring_uploads/attempt_615/screenshot/5f9808aa746b3.png
[27-Oct-2020 12:46:57 Europe/Berlin] This is an error message!
[27-Oct-2020 12:46:57 Europe/Berlin] 2020-10-27_12:46:57
[27-Oct-2020 12:46:57 Europe/Berlin] C:\xampp\moodledata/m_proctoring_uploads/attempt_615/screenshot/5f9808b171789.png
[27-Oct-2020 12:47:05 Europe/Berlin] This is an error message!
[27-Oct-2020 12:47:05 Europe/Berlin] 2020-10-27_12:47:05
[27-Oct-2020 12:47:05 Europe/Berlin] C:\xampp\moodledata/m_proctoring_uploads/attempt_615/screenshot/5f9808b96a9ef.png
[27-Oct-2020 12:47:11 Europe/Berlin] This is an error message!
[27-Oct-2020 12:47:11 Europe/Berlin] 2020-10-27_12:47:11
[27-Oct-2020 12:47:11 Europe/Berlin] C:\xampp\moodledata/m_proctoring_uploads/attempt_615/screenshot/5f9808bf75701.png
[27-Oct-2020 12:53:15 Europe/Berlin] This is an error message!
[27-Oct-2020 12:53:40 Europe/Berlin] This is an error message!
[27-Oct-2020 12:53:40 Europe/Berlin] 2020-10-27_12:53:40
[27-Oct-2020 12:53:40 Europe/Berlin] C:\xampp\moodledata/m_proctoring_uploads/attempt_616/screenshot/5f980a447ffff.png
[27-Oct-2020 12:54:36 Europe/Berlin] This is an error message!
[27-Oct-2020 12:54:36 Europe/Berlin] 2020-10-27_12:54:36
[27-Oct-2020 12:54:36 Europe/Berlin] C:\xampp\moodledata/m_proctoring_uploads/attempt_616/screenshot/5f980a7c599d9.png
[27-Oct-2020 18:57:59 Asia/Kolkata] This is an error message!
[28-Oct-2020 10:08:29 Asia/Kolkata] This is an error message!
[28-Oct-2020 13:34:14 Asia/Kolkata] This is an error message!
